<?xml version="1.0" encoding="UTF-8"?>
<testsuite xmlns:xsi="http://www.w3.org/2001/XMLSchema-instance" xsi:schemaLocation="https://maven.apache.org/surefire/maven-surefire-plugin/xsd/surefire-test-report.xsd" name="com.example.protoolstest.ProcessTest" time="2.901" tests="1" errors="1" skipped="0" failures="0">
  <properties>
[...]
</properties>
  <testcase name="TestDrawSample" classname="com.example.protoolstest.ProcessTest" time="0.465">
    <error message="Unknown property used in expression: #{drawSample}. Cause: Cannot resolve identifier &apos;drawSample&apos;" type="org.camunda.bpm.engine.ProcessEngineException">org.camunda.bpm.engine.ProcessEngineException: Unknown property used in expression: #{drawSample}. Cause: Cannot resolve identifier 'drawSample'
	at com.example.protoolstest.ProcessTest.lambda$setUp$0(ProcessTest.java:42)
	at com.example.protoolstest.ProcessTest.TestDrawSample(ProcessTest.java:49)
Caused by: org.camunda.bpm.engine.impl.javax.el.PropertyNotFoundException: Cannot resolve identifier 'drawSample'
	at com.example.protoolstest.ProcessTest.lambda$setUp$0(ProcessTest.java:42)
	at com.example.protoolstest.ProcessTest.TestDrawSample(ProcessTest.java:49)
</error>
    <system-out><![CDATA[10:54:11.527 [main] DEBUG org.camunda.bpm.engine.test - ==== BUILDING PROCESS ENGINE ========================================================================
10:54:11.611 [main] DEBUG org.springframework.beans.factory.xml.XmlBeanDefinitionReader - Loaded 1 bean definitions from class path resource [camunda.cfg.xml]
10:54:11.612 [main] DEBUG org.springframework.beans.factory.support.DefaultListableBeanFactory - Creating shared instance of singleton bean 'processEngineConfiguration'
10:54:11.779 [main] INFO org.camunda.bpm.dmn.feel.scala - FEEL/SCALA-01001 Spin value mapper detected
10:54:11.806 [main] INFO org.camunda.feel.FeelEngine - Engine created. [value-mapper: CompositeValueMapper(List(org.camunda.feel.impl.JavaValueMapper@aec50a1, org.camunda.spin.plugin.impl.feel.integration.SpinValueMapper@2555fff0)), function-provider: org.camunda.bpm.dmn.feel.impl.scala.function.CustomFunctionTransformer@51684e4a, clock: SystemClock, configuration: Configuration(false)]
10:54:11.838 [main] DEBUG org.apache.ibatis.logging.LogFactory - Logging initialized using 'class org.apache.ibatis.logging.slf4j.Slf4jImpl' adapter.
10:54:11.843 [main] DEBUG org.apache.ibatis.datasource.pooled.PooledDataSource - PooledDataSource forcefully closed/removed all connections.
10:54:11.930 [main] DEBUG org.apache.ibatis.datasource.pooled.PooledDataSource - Created connection 1313618488.
10:54:11.931 [main] DEBUG org.camunda.bpm.engine.cfg - ENGINE-12004 Database product name H2
10:54:11.931 [main] DEBUG org.camunda.bpm.engine.cfg - ENGINE-12005 Database type h2
10:54:11.931 [main] DEBUG org.apache.ibatis.datasource.pooled.PooledDataSource - Returned connection 1313618488 to pool.
10:54:13.700 [main] INFO org.camunda.bpm.connect - CNCT-01004 Discovered provider for connector id 'http-connector' and class 'org.camunda.connect.httpclient.impl.HttpConnectorImpl': 'org.camunda.connect.httpclient.impl.HttpConnectorProviderImpl'
10:54:13.701 [main] INFO org.camunda.bpm.connect - CNCT-01004 Discovered provider for connector id 'soap-http-connector' and class 'org.camunda.connect.httpclient.soap.impl.SoapHttpConnectorImpl': 'org.camunda.connect.httpclient.soap.impl.SoapHttpConnectorProviderImpl'
10:54:13.704 [main] INFO org.camunda.bpm.connect - CNCT-01004 Discovered provider for connector id 'mail-send' and class 'org.camunda.bpm.extension.mail.send.SendMailConnector': 'org.camunda.bpm.extension.mail.send.SendMailProvider'
10:54:13.704 [main] INFO org.camunda.bpm.connect - CNCT-01004 Discovered provider for connector id 'mail-poll' and class 'org.camunda.bpm.extension.mail.poll.PollMailConnector': 'org.camunda.bpm.extension.mail.poll.PollMailProvider'
10:54:13.705 [main] INFO org.camunda.bpm.connect - CNCT-01004 Discovered provider for connector id 'mail-delete' and class 'org.camunda.bpm.extension.mail.delete.DeleteMailConnector': 'org.camunda.bpm.extension.mail.delete.DeleteMailProvider'
10:54:13.715 [main] DEBUG org.camunda.bpm.engine.cmd - ENGINE-13005 Starting command -------------------- SchemaOperationsProcessEngineBuild ----------------------
10:54:13.717 [main] DEBUG org.camunda.bpm.engine.cmd - ENGINE-13009 opening new command context
10:54:13.722 [main] DEBUG org.apache.ibatis.transaction.jdbc.JdbcTransaction - Opening JDBC Connection
10:54:13.722 [main] DEBUG org.apache.ibatis.datasource.pooled.PooledDataSource - Checked out connection 1313618488 from pool.
10:54:13.722 [main] DEBUG org.apache.ibatis.transaction.jdbc.JdbcTransaction - Setting autocommit to false on JDBC Connection [conn0: url=jdbc:h2:mem:camunda user=SA]
10:54:13.789 [main] INFO org.camunda.bpm.engine.persistence - ENGINE-03016 Performing database operation 'create' on component 'engine' with resource 'org/camunda/bpm/engine/db/create/activiti.h2.create.engine.sql'
10:54:13.789 [main] DEBUG org.camunda.bpm.engine.persistence - ENGINE-03062 Executing Schmema DDL [
  Copyright Camunda Services GmbH and/or licensed to Camunda Services GmbH
  under one or more contributor license agreements. See the NOTICE file
  distributed with this work for additional information regarding copyright
  ownership. Camunda licenses this file to you under the Apache License,
  Version 2.0; you may not use this file except in compliance with the License.
  You may obtain a copy of the License at
      http://www.apache.org/licenses/LICENSE-2.0
  Unless required by applicable law or agreed to in writing, software
  distributed under the License is distributed on an "AS IS" BASIS,
  WITHOUT WARRANTIES OR CONDITIONS OF ANY KIND, either express or implied.
  See the License for the specific language governing permissions and
  limitations under the License.
  -- 
-- 
-- 
-- 
create table ACT_GE_PROPERTY ( 
NAME_ varchar(64), 
VALUE_ varchar(300), 
REV_ integer, 
primary key (NAME_) 
)
  insert into ACT_GE_PROPERTY 
values ('schema.version', 'fox', 1)
  insert into ACT_GE_PROPERTY 
values ('schema.history', 'create(fox)', 1)
  insert into ACT_GE_PROPERTY 
values ('next.dbid', '1', 1)
  insert into ACT_GE_PROPERTY 
values ('deployment.lock', '0', 1)
  insert into ACT_GE_PROPERTY 
values ('history.cleanup.job.lock', '0', 1)
  insert into ACT_GE_PROPERTY 
values ('startup.lock', '0', 1)
  insert into ACT_GE_PROPERTY 
values ('telemetry.lock', '0', 1)
  insert into ACT_GE_PROPERTY 
values ('installationId.lock', '0', 1)
  create table ACT_GE_BYTEARRAY ( 
ID_ varchar(64), 
REV_ integer, 
NAME_ varchar(255), 
DEPLOYMENT_ID_ varchar(64), 
BYTES_ blob, 
GENERATED_ bit, 
TENANT_ID_ varchar(64), 
TYPE_ integer, 
CREATE_TIME_ timestamp, 
ROOT_PROC_INST_ID_ varchar(64), 
REMOVAL_TIME_ timestamp, 
primary key (ID_) 
)
  create table ACT_GE_SCHEMA_LOG ( 
ID_ varchar(64), 
TIMESTAMP_ timestamp, 
VERSION_ varchar(255), 
primary key (ID_) 
)
  insert into ACT_GE_SCHEMA_LOG 
values ('0', CURRENT_TIMESTAMP, '7.17.0')
  create table ACT_RE_DEPLOYMENT ( 
ID_ varchar(64), 
NAME_ varchar(255), 
DEPLOY_TIME_ timestamp, 
SOURCE_ varchar(255), 
TENANT_ID_ varchar(64), 
primary key (ID_) 
)
  create table ACT_RU_EXECUTION ( 
ID_ varchar(64), 
REV_ integer, 
ROOT_PROC_INST_ID_ varchar(64), 
PROC_INST_ID_ varchar(64), 
BUSINESS_KEY_ varchar(255), 
PARENT_ID_ varchar(64), 
PROC_DEF_ID_ varchar(64), 
SUPER_EXEC_ varchar(64), 
SUPER_CASE_EXEC_ varchar(64), 
CASE_INST_ID_ varchar(64), 
ACT_INST_ID_ varchar(64), 
ACT_ID_ varchar(255), 
IS_ACTIVE_ bit, 
IS_CONCURRENT_ bit, 
IS_SCOPE_ bit, 
IS_EVENT_SCOPE_ bit, 
SUSPENSION_STATE_ integer, 
CACHED_ENT_STATE_ integer, 
SEQUENCE_COUNTER_ integer, 
TENANT_ID_ varchar(64), 
primary key (ID_) 
)
  create table ACT_RU_JOB ( 
ID_ varchar(64) NOT NULL, 
REV_ integer, 
TYPE_ varchar(255) NOT NULL, 
LOCK_EXP_TIME_ timestamp, 
LOCK_OWNER_ varchar(255), 
EXCLUSIVE_ boolean, 
EXECUTION_ID_ varchar(64), 
PROCESS_INSTANCE_ID_ varchar(64), 
PROCESS_DEF_ID_ varchar(64), 
PROCESS_DEF_KEY_ varchar(255), 
RETRIES_ integer, 
EXCEPTION_STACK_ID_ varchar(64), 
EXCEPTION_MSG_ varchar(4000), 
FAILED_ACT_ID_ varchar(255), 
DUEDATE_ timestamp, 
REPEAT_ varchar(255), 
REPEAT_OFFSET_ bigint DEFAULT 0, 
HANDLER_TYPE_ varchar(255), 
HANDLER_CFG_ varchar(4000), 
DEPLOYMENT_ID_ varchar(64), 
SUSPENSION_STATE_ integer NOT NULL DEFAULT 1, 
JOB_DEF_ID_ varchar(64), 
PRIORITY_ bigint NOT NULL DEFAULT 0, 
SEQUENCE_COUNTER_ integer, 
TENANT_ID_ varchar(64), 
CREATE_TIME_ timestamp, 
LAST_FAILURE_LOG_ID_ varchar(64), 
primary key (ID_) 
)
  create table ACT_RU_JOBDEF ( 
ID_ varchar(64) NOT NULL, 
REV_ integer, 
PROC_DEF_ID_ varchar(64), 
PROC_DEF_KEY_ varchar(255), 
ACT_ID_ varchar(255), 
JOB_TYPE_ varchar(255) NOT NULL, 
JOB_CONFIGURATION_ varchar(255), 
SUSPENSION_STATE_ integer, 
JOB_PRIORITY_ bigint, 
TENANT_ID_ varchar(64), 
DEPLOYMENT_ID_ varchar(64), 
primary key (ID_) 
)
  create table ACT_RE_PROCDEF ( 
ID_ varchar(64) NOT NULL, 
REV_ integer, 
CATEGORY_ varchar(255), 
NAME_ varchar(255), 
KEY_ varchar(255) NOT NULL, 
VERSION_ integer NOT NULL, 
DEPLOYMENT_ID_ varchar(64), 
RESOURCE_NAME_ varchar(4000), 
DGRM_RESOURCE_NAME_ varchar(4000), 
HAS_START_FORM_KEY_ bit, 
SUSPENSION_STATE_ integer, 
TENANT_ID_ varchar(64), 
VERSION_TAG_ varchar(64), 
HISTORY_TTL_ integer, 
STARTABLE_ boolean NOT NULL default TRUE, 
primary key (ID_) 
)
  create table ACT_RE_CAMFORMDEF ( 
ID_ varchar(64) NOT NULL, 
REV_ integer, 
KEY_ varchar(255) NOT NULL, 
VERSION_ integer NOT NULL, 
DEPLOYMENT_ID_ varchar(64), 
RESOURCE_NAME_ varchar(4000), 
TENANT_ID_ varchar(64), 
primary key (ID_) 
)
  create table ACT_RU_TASK ( 
ID_ varchar(64), 
REV_ integer, 
EXECUTION_ID_ varchar(64), 
PROC_INST_ID_ varchar(64), 
PROC_DEF_ID_ varchar(64), 
CASE_EXECUTION_ID_ varchar(64), 
CASE_INST_ID_ varchar(64), 
CASE_DEF_ID_ varchar(64), 
NAME_ varchar(255), 
PARENT_TASK_ID_ varchar(64), 
DESCRIPTION_ varchar(4000), 
TASK_DEF_KEY_ varchar(255), 
OWNER_ varchar(255), 
ASSIGNEE_ varchar(255), 
DELEGATION_ varchar(64), 
PRIORITY_ integer, 
CREATE_TIME_ timestamp, 
DUE_DATE_ timestamp, 
FOLLOW_UP_DATE_ timestamp, 
SUSPENSION_STATE_ integer, 
TENANT_ID_ varchar(64), 
primary key (ID_) 
)
  create table ACT_RU_IDENTITYLINK ( 
ID_ varchar(64), 
REV_ integer, 
GROUP_ID_ varchar(255), 
TYPE_ varchar(255), 
USER_ID_ varchar(255), 
TASK_ID_ varchar(64), 
PROC_DEF_ID_ varchar(64), 
TENANT_ID_ varchar(64), 
primary key (ID_) 
)
  create table ACT_RU_VARIABLE ( 
ID_ varchar(64) not null, 
REV_ integer, 
TYPE_ varchar(255) not null, 
NAME_ varchar(255) not null, 
EXECUTION_ID_ varchar(64), 
PROC_INST_ID_ varchar(64), 
PROC_DEF_ID_ varchar(64), 
CASE_EXECUTION_ID_ varchar(64), 
CASE_INST_ID_ varchar(64), 
TASK_ID_ varchar(64), 
BATCH_ID_ varchar(64), 
BYTEARRAY_ID_ varchar(64), 
DOUBLE_ double precision, 
LONG_ bigint, 
TEXT_ varchar(4000), 
TEXT2_ varchar(4000), 
VAR_SCOPE_ varchar(64) not null, 
SEQUENCE_COUNTER_ integer, 
IS_CONCURRENT_LOCAL_ bit, 
TENANT_ID_ varchar(64), 
primary key (ID_) 
)
  create table ACT_RU_EVENT_SUBSCR ( 
ID_ varchar(64) not null, 
REV_ integer, 
EVENT_TYPE_ varchar(255) not null, 
EVENT_NAME_ varchar(255), 
EXECUTION_ID_ varchar(64), 
PROC_INST_ID_ varchar(64), 
ACTIVITY_ID_ varchar(255), 
CONFIGURATION_ varchar(255), 
CREATED_ timestamp not null, 
TENANT_ID_ varchar(64), 
primary key (ID_) 
)
  create table ACT_RU_INCIDENT ( 
ID_ varchar(64) not null, 
REV_ integer not null, 
INCIDENT_TIMESTAMP_ timestamp not null, 
INCIDENT_MSG_ varchar(4000), 
INCIDENT_TYPE_ varchar(255) not null, 
EXECUTION_ID_ varchar(64), 
ACTIVITY_ID_ varchar(255), 
FAILED_ACTIVITY_ID_ varchar(255), 
PROC_INST_ID_ varchar(64), 
PROC_DEF_ID_ varchar(64), 
CAUSE_INCIDENT_ID_ varchar(64), 
ROOT_CAUSE_INCIDENT_ID_ varchar(64), 
CONFIGURATION_ varchar(255), 
TENANT_ID_ varchar(64), 
JOB_DEF_ID_ varchar(64), 
ANNOTATION_ varchar(4000), 
primary key (ID_) 
)
  create table ACT_RU_AUTHORIZATION ( 
ID_ varchar(64) not null, 
REV_ integer not null, 
TYPE_ integer not null, 
GROUP_ID_ varchar(255), 
USER_ID_ varchar(255), 
RESOURCE_TYPE_ integer not null, 
RESOURCE_ID_ varchar(255), 
PERMS_ integer, 
REMOVAL_TIME_ timestamp, 
ROOT_PROC_INST_ID_ varchar(64), 
primary key (ID_) 
)
  create table ACT_RU_FILTER ( 
ID_ varchar(64) not null, 
REV_ integer not null, 
RESOURCE_TYPE_ varchar(255) not null, 
NAME_ varchar(255) not null, 
OWNER_ varchar(255), 
QUERY_ CLOB not null, 
PROPERTIES_ CLOB, 
primary key (ID_) 
)
  create table ACT_RU_METER_LOG ( 
ID_ varchar(64) not null, 
NAME_ varchar(64) not null, 
REPORTER_ varchar(255), 
VALUE_ long, 
TIMESTAMP_ timestamp, 
MILLISECONDS_ bigint DEFAULT 0, 
primary key (ID_) 
)
  create table ACT_RU_TASK_METER_LOG ( 
ID_ varchar(64) not null, 
ASSIGNEE_HASH_ long, 
TIMESTAMP_ timestamp, 
primary key (ID_) 
)
  create table ACT_RU_EXT_TASK ( 
ID_ varchar(64) not null, 
REV_ integer not null, 
WORKER_ID_ varchar(255), 
TOPIC_NAME_ varchar(255), 
RETRIES_ integer, 
ERROR_MSG_ varchar(4000), 
ERROR_DETAILS_ID_ varchar(64), 
LOCK_EXP_TIME_ timestamp, 
SUSPENSION_STATE_ integer, 
EXECUTION_ID_ varchar(64), 
PROC_INST_ID_ varchar(64), 
PROC_DEF_ID_ varchar(64), 
PROC_DEF_KEY_ varchar(255), 
ACT_ID_ varchar(255), 
ACT_INST_ID_ varchar(64), 
TENANT_ID_ varchar(64), 
PRIORITY_ bigint NOT NULL DEFAULT 0, 
LAST_FAILURE_LOG_ID_ varchar(64), 
primary key (ID_) 
)
  create table ACT_RU_BATCH ( 
ID_ varchar(64) not null, 
REV_ integer not null, 
TYPE_ varchar(255), 
TOTAL_JOBS_ integer, 
JOBS_CREATED_ integer, 
JOBS_PER_SEED_ integer, 
INVOCATIONS_PER_JOB_ integer, 
SEED_JOB_DEF_ID_ varchar(64), 
BATCH_JOB_DEF_ID_ varchar(64), 
MONITOR_JOB_DEF_ID_ varchar(64), 
SUSPENSION_STATE_ integer, 
CONFIGURATION_ varchar(255), 
TENANT_ID_ varchar(64), 
CREATE_USER_ID_ varchar(255), 
primary key (ID_) 
)
  create index ACT_IDX_EXEC_ROOT_PI on ACT_RU_EXECUTION(ROOT_PROC_INST_ID_)
  create index ACT_IDX_EXEC_BUSKEY on ACT_RU_EXECUTION(BUSINESS_KEY_)
  create index ACT_IDX_EXEC_TENANT_ID on ACT_RU_EXECUTION(TENANT_ID_)
  create index ACT_IDX_TASK_CREATE on ACT_RU_TASK(CREATE_TIME_)
  create index ACT_IDX_TASK_ASSIGNEE on ACT_RU_TASK(ASSIGNEE_)
  create index ACT_IDX_TASK_OWNER on ACT_RU_TASK(OWNER_)
  create index ACT_IDX_TASK_TENANT_ID on ACT_RU_TASK(TENANT_ID_)
  create index ACT_IDX_IDENT_LNK_USER on ACT_RU_IDENTITYLINK(USER_ID_)
  create index ACT_IDX_IDENT_LNK_GROUP on ACT_RU_IDENTITYLINK(GROUP_ID_)
  create index ACT_IDX_EVENT_SUBSCR_CONFIG_ on ACT_RU_EVENT_SUBSCR(CONFIGURATION_)
  create index ACT_IDX_EVENT_SUBSCR_TENANT_ID on ACT_RU_EVENT_SUBSCR(TENANT_ID_)
  create index ACT_IDX_VARIABLE_TASK_ID on ACT_RU_VARIABLE(TASK_ID_)
  create index ACT_IDX_VARIABLE_TENANT_ID on ACT_RU_VARIABLE(TENANT_ID_)
  create index ACT_IDX_VARIABLE_TASK_NAME_TYPE on ACT_RU_VARIABLE(TASK_ID_, NAME_, TYPE_)
  create index ACT_IDX_ATHRZ_PROCEDEF on ACT_RU_IDENTITYLINK(PROC_DEF_ID_)
  create index ACT_IDX_INC_CONFIGURATION on ACT_RU_INCIDENT(CONFIGURATION_)
  create index ACT_IDX_INC_TENANT_ID on ACT_RU_INCIDENT(TENANT_ID_)
  CAM-5914
  create index ACT_IDX_JOB_EXECUTION_ID on ACT_RU_JOB(EXECUTION_ID_)
  create index ACT_IDX_JOB_HANDLER on ACT_RU_JOB(HANDLER_TYPE_,HANDLER_CFG_)
  create index ACT_IDX_JOB_PROCINST on ACT_RU_JOB(PROCESS_INSTANCE_ID_)
  create index ACT_IDX_JOB_TENANT_ID on ACT_RU_JOB(TENANT_ID_)
  create index ACT_IDX_JOBDEF_TENANT_ID on ACT_RU_JOBDEF(TENANT_ID_)
  new metric milliseconds column
  CREATE INDEX ACT_IDX_METER_LOG_MS ON ACT_RU_METER_LOG(MILLISECONDS_)
  CREATE INDEX ACT_IDX_METER_LOG_NAME_MS ON ACT_RU_METER_LOG(NAME_, MILLISECONDS_)
  CREATE INDEX ACT_IDX_METER_LOG_REPORT ON ACT_RU_METER_LOG(NAME_, REPORTER_, MILLISECONDS_)
  old metric timestamp column
  CREATE INDEX ACT_IDX_METER_LOG_TIME ON ACT_RU_METER_LOG(TIMESTAMP_)
  CREATE INDEX ACT_IDX_METER_LOG ON ACT_RU_METER_LOG(NAME_, TIMESTAMP_)
  task metric timestamp column
  CREATE INDEX ACT_IDX_TASK_METER_LOG_TIME ON ACT_RU_TASK_METER_LOG(TIMESTAMP_)
  create index ACT_IDX_EXT_TASK_TOPIC ON ACT_RU_EXT_TASK(TOPIC_NAME_)
  create index ACT_IDX_EXT_TASK_TENANT_ID ON ACT_RU_EXT_TASK(TENANT_ID_)
  create index ACT_IDX_EXT_TASK_PRIORITY ON ACT_RU_EXT_TASK(PRIORITY_)
  create index ACT_IDX_EXT_TASK_ERR_DETAILS ON ACT_RU_EXT_TASK(ERROR_DETAILS_ID_)
  create index ACT_IDX_AUTH_GROUP_ID ON ACT_RU_AUTHORIZATION(GROUP_ID_)
  create index ACT_IDX_JOB_JOB_DEF_ID on ACT_RU_JOB(JOB_DEF_ID_)
  indexes for deadlock problems - https://app.camunda.com/jira/browse/CAM-2567 --
  create index ACT_IDX_INC_CAUSEINCID on ACT_RU_INCIDENT(CAUSE_INCIDENT_ID_)
  create index ACT_IDX_INC_EXID on ACT_RU_INCIDENT(EXECUTION_ID_)
  create index ACT_IDX_INC_PROCDEFID on ACT_RU_INCIDENT(PROC_DEF_ID_)
  create index ACT_IDX_INC_PROCINSTID on ACT_RU_INCIDENT(PROC_INST_ID_)
  create index ACT_IDX_INC_ROOTCAUSEINCID on ACT_RU_INCIDENT(ROOT_CAUSE_INCIDENT_ID_)
  index for deadlock problem - https://app.camunda.com/jira/browse/CAM-4440 --
  create index ACT_IDX_AUTH_RESOURCE_ID on ACT_RU_AUTHORIZATION(RESOURCE_ID_)
  index to prevent deadlock on fk constraint - https://app.camunda.com/jira/browse/CAM-5440 --
  create index ACT_IDX_EXT_TASK_EXEC on ACT_RU_EXT_TASK(EXECUTION_ID_)
  indexes to improve deployment
  create index ACT_IDX_BYTEARRAY_ROOT_PI on ACT_GE_BYTEARRAY(ROOT_PROC_INST_ID_)
  create index ACT_IDX_BYTEARRAY_RM_TIME on ACT_GE_BYTEARRAY(REMOVAL_TIME_)
  create index ACT_IDX_BYTEARRAY_NAME on ACT_GE_BYTEARRAY(NAME_)
  create index ACT_IDX_DEPLOYMENT_NAME on ACT_RE_DEPLOYMENT(NAME_)
  create index ACT_IDX_DEPLOYMENT_TENANT_ID on ACT_RE_DEPLOYMENT(TENANT_ID_)
  create index ACT_IDX_JOBDEF_PROC_DEF_ID ON ACT_RU_JOBDEF(PROC_DEF_ID_)
  create index ACT_IDX_JOB_HANDLER_TYPE ON ACT_RU_JOB(HANDLER_TYPE_)
  create index ACT_IDX_EVENT_SUBSCR_EVT_NAME ON ACT_RU_EVENT_SUBSCR(EVENT_NAME_)
  create index ACT_IDX_PROCDEF_DEPLOYMENT_ID ON ACT_RE_PROCDEF(DEPLOYMENT_ID_)
  create index ACT_IDX_PROCDEF_TENANT_ID ON ACT_RE_PROCDEF(TENANT_ID_)
  create index ACT_IDX_PROCDEF_VER_TAG ON ACT_RE_PROCDEF(VERSION_TAG_)
  alter table ACT_GE_BYTEARRAY 
add constraint ACT_FK_BYTEARR_DEPL 
foreign key (DEPLOYMENT_ID_) 
references ACT_RE_DEPLOYMENT
  alter table ACT_RU_EXECUTION 
add constraint ACT_FK_EXE_PROCINST 
foreign key (PROC_INST_ID_) 
references ACT_RU_EXECUTION
  alter table ACT_RU_EXECUTION 
add constraint ACT_FK_EXE_PARENT 
foreign key (PARENT_ID_) 
references ACT_RU_EXECUTION
  alter table ACT_RU_EXECUTION 
add constraint ACT_FK_EXE_SUPER 
foreign key (SUPER_EXEC_) 
references ACT_RU_EXECUTION
  alter table ACT_RU_EXECUTION 
add constraint ACT_FK_EXE_PROCDEF 
foreign key (PROC_DEF_ID_) 
references ACT_RE_PROCDEF (ID_)
  alter table ACT_RU_IDENTITYLINK 
add constraint ACT_FK_TSKASS_TASK 
foreign key (TASK_ID_) 
references ACT_RU_TASK
  alter table ACT_RU_IDENTITYLINK 
add constraint ACT_FK_ATHRZ_PROCEDEF 
foreign key (PROC_DEF_ID_) 
references ACT_RE_PROCDEF
  alter table ACT_RU_TASK 
add constraint ACT_FK_TASK_EXE 
foreign key (EXECUTION_ID_) 
references ACT_RU_EXECUTION
  alter table ACT_RU_TASK 
add constraint ACT_FK_TASK_PROCINST 
foreign key (PROC_INST_ID_) 
references ACT_RU_EXECUTION
  alter table ACT_RU_TASK 
add constraint ACT_FK_TASK_PROCDEF 
foreign key (PROC_DEF_ID_) 
references ACT_RE_PROCDEF
  alter table ACT_RU_VARIABLE 
add constraint ACT_FK_VAR_EXE 
foreign key (EXECUTION_ID_) 
references ACT_RU_EXECUTION
  alter table ACT_RU_VARIABLE 
add constraint ACT_FK_VAR_PROCINST 
foreign key (PROC_INST_ID_) 
references ACT_RU_EXECUTION
  alter table ACT_RU_VARIABLE 
add constraint ACT_FK_VAR_BYTEARRAY 
foreign key (BYTEARRAY_ID_) 
references ACT_GE_BYTEARRAY
  alter table ACT_RU_JOB 
add constraint ACT_FK_JOB_EXCEPTION 
foreign key (EXCEPTION_STACK_ID_) 
references ACT_GE_BYTEARRAY
  alter table ACT_RU_EVENT_SUBSCR 
add constraint ACT_FK_EVENT_EXEC 
foreign key (EXECUTION_ID_) 
references ACT_RU_EXECUTION
  alter table ACT_RU_INCIDENT 
add constraint ACT_FK_INC_EXE 
foreign key (EXECUTION_ID_) 
references ACT_RU_EXECUTION (ID_)
  alter table ACT_RU_INCIDENT 
add constraint ACT_FK_INC_PROCINST 
foreign key (PROC_INST_ID_) 
references ACT_RU_EXECUTION (ID_)
  alter table ACT_RU_INCIDENT 
add constraint ACT_FK_INC_PROCDEF 
foreign key (PROC_DEF_ID_) 
references ACT_RE_PROCDEF (ID_)
  alter table ACT_RU_INCIDENT 
add constraint ACT_FK_INC_CAUSE 
foreign key (CAUSE_INCIDENT_ID_) 
references ACT_RU_INCIDENT (ID_)
  alter table ACT_RU_INCIDENT 
add constraint ACT_FK_INC_RCAUSE 
foreign key (ROOT_CAUSE_INCIDENT_ID_) 
references ACT_RU_INCIDENT (ID_)
  alter table ACT_RU_EXT_TASK 
add constraint ACT_FK_EXT_TASK_ERROR_DETAILS 
foreign key (ERROR_DETAILS_ID_) 
references ACT_GE_BYTEARRAY (ID_)
  create index ACT_IDX_INC_JOB_DEF on ACT_RU_INCIDENT(JOB_DEF_ID_)
  alter table ACT_RU_INCIDENT 
add constraint ACT_FK_INC_JOB_DEF 
foreign key (JOB_DEF_ID_) 
references ACT_RU_JOBDEF (ID_)
  alter table ACT_RU_AUTHORIZATION 
add constraint ACT_UNIQ_AUTH_USER 
unique (TYPE_, USER_ID_,RESOURCE_TYPE_,RESOURCE_ID_)
  alter table ACT_RU_AUTHORIZATION 
add constraint ACT_UNIQ_AUTH_GROUP 
unique (TYPE_, GROUP_ID_,RESOURCE_TYPE_,RESOURCE_ID_)
  alter table ACT_RU_VARIABLE 
add constraint ACT_UNIQ_VARIABLE 
unique (VAR_SCOPE_, NAME_)
  alter table ACT_RU_EXT_TASK 
add constraint ACT_FK_EXT_TASK_EXE 
foreign key (EXECUTION_ID_) 
references ACT_RU_EXECUTION (ID_)
  create index ACT_IDX_BATCH_SEED_JOB_DEF ON ACT_RU_BATCH(SEED_JOB_DEF_ID_)
  alter table ACT_RU_BATCH 
add constraint ACT_FK_BATCH_SEED_JOB_DEF 
foreign key (SEED_JOB_DEF_ID_) 
references ACT_RU_JOBDEF (ID_)
  create index ACT_IDX_BATCH_MONITOR_JOB_DEF ON ACT_RU_BATCH(MONITOR_JOB_DEF_ID_)
  alter table ACT_RU_BATCH 
add constraint ACT_FK_BATCH_MONITOR_JOB_DEF 
foreign key (MONITOR_JOB_DEF_ID_) 
references ACT_RU_JOBDEF (ID_)
  create index ACT_IDX_BATCH_JOB_DEF ON ACT_RU_BATCH(BATCH_JOB_DEF_ID_)
  alter table ACT_RU_BATCH 
add constraint ACT_FK_BATCH_JOB_DEF 
foreign key (BATCH_JOB_DEF_ID_) 
references ACT_RU_JOBDEF (ID_)
  create index ACT_IDX_BATCH_ID ON ACT_RU_VARIABLE(BATCH_ID_)
  alter table ACT_RU_VARIABLE 
add constraint ACT_FK_VAR_BATCH 
foreign key (BATCH_ID_) 
references ACT_RU_BATCH (ID_)
  indices for history cleanup: https://jira.camunda.com/browse/CAM-11616
  create index ACT_IDX_AUTH_ROOT_PI on ACT_RU_AUTHORIZATION(ROOT_PROC_INST_ID_)
  create index ACT_IDX_AUTH_RM_TIME on ACT_RU_AUTHORIZATION(REMOVAL_TIME_)
]
10:54:13.789 [main] DEBUG org.camunda.bpm.engine.persistence - ENGINE-03Database schema operation 'engine' for component '{}' was successful. create
10:54:13.815 [main] INFO org.camunda.bpm.engine.persistence - ENGINE-03016 Performing database operation 'create' on component 'history' with resource 'org/camunda/bpm/engine/db/create/activiti.h2.create.history.sql'
10:54:13.815 [main] DEBUG org.camunda.bpm.engine.persistence - ENGINE-03062 Executing Schmema DDL [
  Copyright Camunda Services GmbH and/or licensed to Camunda Services GmbH
  under one or more contributor license agreements. See the NOTICE file
  distributed with this work for additional information regarding copyright
  ownership. Camunda licenses this file to you under the Apache License,
  Version 2.0; you may not use this file except in compliance with the License.
  You may obtain a copy of the License at
      http://www.apache.org/licenses/LICENSE-2.0
  Unless required by applicable law or agreed to in writing, software
  distributed under the License is distributed on an "AS IS" BASIS,
  WITHOUT WARRANTIES OR CONDITIONS OF ANY KIND, either express or implied.
  See the License for the specific language governing permissions and
  limitations under the License.
  -- 
-- 
-- 
-- 
create table ACT_HI_PROCINST ( 
ID_ varchar(64) not null, 
PROC_INST_ID_ varchar(64) not null, 
BUSINESS_KEY_ varchar(255), 
PROC_DEF_KEY_ varchar(255), 
PROC_DEF_ID_ varchar(64) not null, 
START_TIME_ timestamp not null, 
END_TIME_ timestamp, 
REMOVAL_TIME_ timestamp, 
DURATION_ bigint, 
START_USER_ID_ varchar(255), 
START_ACT_ID_ varchar(255), 
END_ACT_ID_ varchar(255), 
SUPER_PROCESS_INSTANCE_ID_ varchar(64), 
ROOT_PROC_INST_ID_ varchar(64), 
SUPER_CASE_INSTANCE_ID_ varchar(64), 
CASE_INST_ID_ varchar(64), 
DELETE_REASON_ varchar(4000), 
TENANT_ID_ varchar(64), 
STATE_ varchar(255), 
primary key (ID_), 
unique (PROC_INST_ID_) 
)
  create table ACT_HI_ACTINST ( 
ID_ varchar(64) not null, 
PARENT_ACT_INST_ID_ varchar(64), 
PROC_DEF_KEY_ varchar(255), 
PROC_DEF_ID_ varchar(64) not null, 
ROOT_PROC_INST_ID_ varchar(64), 
PROC_INST_ID_ varchar(64) not null, 
EXECUTION_ID_ varchar(64) not null, 
ACT_ID_ varchar(255) not null, 
TASK_ID_ varchar(64), 
CALL_PROC_INST_ID_ varchar(64), 
CALL_CASE_INST_ID_ varchar(64), 
ACT_NAME_ varchar(255), 
ACT_TYPE_ varchar(255) not null, 
ASSIGNEE_ varchar(255), 
START_TIME_ timestamp not null, 
END_TIME_ timestamp, 
DURATION_ bigint, 
ACT_INST_STATE_ integer, 
SEQUENCE_COUNTER_ integer, 
TENANT_ID_ varchar(64), 
REMOVAL_TIME_ timestamp, 
primary key (ID_) 
)
  create table ACT_HI_TASKINST ( 
ID_ varchar(64) not null, 
TASK_DEF_KEY_ varchar(255), 
PROC_DEF_KEY_ varchar(255), 
PROC_DEF_ID_ varchar(64), 
ROOT_PROC_INST_ID_ varchar(64), 
PROC_INST_ID_ varchar(64), 
EXECUTION_ID_ varchar(64), 
CASE_DEF_KEY_ varchar(255), 
CASE_DEF_ID_ varchar(64), 
CASE_INST_ID_ varchar(64), 
CASE_EXECUTION_ID_ varchar(64), 
ACT_INST_ID_ varchar(64), 
NAME_ varchar(255), 
PARENT_TASK_ID_ varchar(64), 
DESCRIPTION_ varchar(4000), 
OWNER_ varchar(255), 
ASSIGNEE_ varchar(255), 
START_TIME_ timestamp not null, 
END_TIME_ timestamp, 
DURATION_ bigint, 
DELETE_REASON_ varchar(4000), 
PRIORITY_ integer, 
DUE_DATE_ timestamp, 
FOLLOW_UP_DATE_ timestamp, 
TENANT_ID_ varchar(64), 
REMOVAL_TIME_ timestamp, 
primary key (ID_) 
)
  create table ACT_HI_VARINST ( 
ID_ varchar(64) not null, 
PROC_DEF_KEY_ varchar(255), 
PROC_DEF_ID_ varchar(64), 
ROOT_PROC_INST_ID_ varchar(64), 
PROC_INST_ID_ varchar(64), 
EXECUTION_ID_ varchar(64), 
CASE_DEF_KEY_ varchar(255), 
CASE_DEF_ID_ varchar(64), 
CASE_INST_ID_ varchar(64), 
CASE_EXECUTION_ID_ varchar(64), 
TASK_ID_ varchar(64), 
ACT_INST_ID_ varchar(64), 
NAME_ varchar(255) not null, 
VAR_TYPE_ varchar(100), 
CREATE_TIME_ timestamp, 
REV_ integer, 
BYTEARRAY_ID_ varchar(64), 
DOUBLE_ double precision, 
LONG_ bigint, 
TEXT_ varchar(4000), 
TEXT2_ varchar(4000), 
TENANT_ID_ varchar(64), 
STATE_ varchar(20), 
REMOVAL_TIME_ timestamp, 
primary key (ID_) 
)
  create table ACT_HI_DETAIL ( 
ID_ varchar(64) not null, 
TYPE_ varchar(255) not null, 
TIME_ timestamp not null, 
NAME_ varchar(255) NOT null, 
PROC_DEF_KEY_ varchar(255), 
PROC_DEF_ID_ varchar(64), 
ROOT_PROC_INST_ID_ varchar(64), 
PROC_INST_ID_ varchar(64), 
EXECUTION_ID_ varchar(64), 
CASE_DEF_KEY_ varchar(255), 
CASE_DEF_ID_ varchar(64), 
CASE_INST_ID_ varchar(64), 
CASE_EXECUTION_ID_ varchar(64), 
TASK_ID_ varchar(64), 
ACT_INST_ID_ varchar(64), 
VAR_INST_ID_ varchar(64), 
VAR_TYPE_ varchar(255), 
REV_ integer, 
BYTEARRAY_ID_ varchar(64), 
DOUBLE_ double precision, 
LONG_ bigint, 
TEXT_ varchar(4000), 
TEXT2_ varchar(4000), 
SEQUENCE_COUNTER_ integer, 
TENANT_ID_ varchar(64), 
OPERATION_ID_ varchar(64), 
REMOVAL_TIME_ timestamp, 
INITIAL_ boolean, 
primary key (ID_) 
)
  create table ACT_HI_IDENTITYLINK ( 
ID_ varchar(64) not null, 
TIMESTAMP_ timestamp not null, 
TYPE_ varchar(255), 
USER_ID_ varchar(255), 
GROUP_ID_ varchar(255), 
TASK_ID_ varchar(64), 
ROOT_PROC_INST_ID_ varchar(64), 
PROC_DEF_ID_ varchar(64), 
OPERATION_TYPE_ varchar(64), 
ASSIGNER_ID_ varchar(64), 
PROC_DEF_KEY_ varchar(255), 
TENANT_ID_ varchar(64), 
REMOVAL_TIME_ timestamp, 
primary key (ID_) 
)
  create table ACT_HI_COMMENT ( 
ID_ varchar(64) not null, 
TYPE_ varchar(255), 
TIME_ timestamp not null, 
USER_ID_ varchar(255), 
TASK_ID_ varchar(64), 
ROOT_PROC_INST_ID_ varchar(64), 
PROC_INST_ID_ varchar(64), 
ACTION_ varchar(255), 
MESSAGE_ varchar(4000), 
FULL_MSG_ longvarbinary, 
TENANT_ID_ varchar(64), 
REMOVAL_TIME_ timestamp, 
primary key (ID_) 
)
  create table ACT_HI_ATTACHMENT ( 
ID_ varchar(64) not null, 
REV_ integer, 
USER_ID_ varchar(255), 
NAME_ varchar(255), 
DESCRIPTION_ varchar(4000), 
TYPE_ varchar(255), 
TASK_ID_ varchar(64), 
ROOT_PROC_INST_ID_ varchar(64), 
PROC_INST_ID_ varchar(64), 
URL_ varchar(4000), 
CONTENT_ID_ varchar(64), 
TENANT_ID_ varchar(64), 
CREATE_TIME_ timestamp, 
REMOVAL_TIME_ timestamp, 
primary key (ID_) 
)
  create table ACT_HI_OP_LOG ( 
ID_ varchar(64) not null, 
DEPLOYMENT_ID_ varchar(64), 
PROC_DEF_ID_ varchar(64), 
PROC_DEF_KEY_ varchar(255), 
ROOT_PROC_INST_ID_ varchar(64), 
PROC_INST_ID_ varchar(64), 
EXECUTION_ID_ varchar(64), 
CASE_DEF_ID_ varchar(64), 
CASE_INST_ID_ varchar(64), 
CASE_EXECUTION_ID_ varchar(64), 
TASK_ID_ varchar(64), 
JOB_ID_ varchar(64), 
JOB_DEF_ID_ varchar(64), 
BATCH_ID_ varchar(64), 
USER_ID_ varchar(255), 
TIMESTAMP_ timestamp not null, 
OPERATION_TYPE_ varchar(64), 
OPERATION_ID_ varchar(64), 
ENTITY_TYPE_ varchar(30), 
PROPERTY_ varchar(64), 
ORG_VALUE_ varchar(4000), 
NEW_VALUE_ varchar(4000), 
TENANT_ID_ varchar(64), 
REMOVAL_TIME_ timestamp, 
CATEGORY_ varchar(64), 
EXTERNAL_TASK_ID_ varchar(64), 
ANNOTATION_ varchar(4000), 
primary key (ID_) 
)
  create table ACT_HI_INCIDENT ( 
ID_ varchar(64) not null, 
PROC_DEF_KEY_ varchar(255), 
PROC_DEF_ID_ varchar(64), 
ROOT_PROC_INST_ID_ varchar(64), 
PROC_INST_ID_ varchar(64), 
EXECUTION_ID_ varchar(64), 
CREATE_TIME_ timestamp not null, 
END_TIME_ timestamp, 
INCIDENT_MSG_ varchar(4000), 
INCIDENT_TYPE_ varchar(255) not null, 
ACTIVITY_ID_ varchar(255), 
FAILED_ACTIVITY_ID_ varchar(255), 
CAUSE_INCIDENT_ID_ varchar(64), 
ROOT_CAUSE_INCIDENT_ID_ varchar(64), 
CONFIGURATION_ varchar(255), 
HISTORY_CONFIGURATION_ varchar(255), 
INCIDENT_STATE_ integer, 
TENANT_ID_ varchar(64), 
JOB_DEF_ID_ varchar(64), 
ANNOTATION_ varchar(4000), 
REMOVAL_TIME_ timestamp, 
primary key (ID_) 
)
  create table ACT_HI_JOB_LOG ( 
ID_ varchar(64) not null, 
TIMESTAMP_ timestamp not null, 
JOB_ID_ varchar(64) not null, 
JOB_DUEDATE_ timestamp, 
JOB_RETRIES_ integer, 
JOB_PRIORITY_ bigint not null default 0, 
JOB_EXCEPTION_MSG_ varchar(4000), 
JOB_EXCEPTION_STACK_ID_ varchar(64), 
JOB_STATE_ integer, 
JOB_DEF_ID_ varchar(64), 
JOB_DEF_TYPE_ varchar(255), 
JOB_DEF_CONFIGURATION_ varchar(255), 
ACT_ID_ varchar(255), 
FAILED_ACT_ID_ varchar(255), 
EXECUTION_ID_ varchar(64), 
ROOT_PROC_INST_ID_ varchar(64), 
PROCESS_INSTANCE_ID_ varchar(64), 
PROCESS_DEF_ID_ varchar(64), 
PROCESS_DEF_KEY_ varchar(255), 
DEPLOYMENT_ID_ varchar(64), 
SEQUENCE_COUNTER_ integer, 
TENANT_ID_ varchar(64), 
HOSTNAME_ varchar(255), 
REMOVAL_TIME_ timestamp, 
primary key (ID_) 
)
  create table ACT_HI_BATCH ( 
ID_ varchar(64) not null, 
TYPE_ varchar(255), 
TOTAL_JOBS_ integer, 
JOBS_PER_SEED_ integer, 
INVOCATIONS_PER_JOB_ integer, 
SEED_JOB_DEF_ID_ varchar(64), 
MONITOR_JOB_DEF_ID_ varchar(64), 
BATCH_JOB_DEF_ID_ varchar(64), 
TENANT_ID_  varchar(64), 
CREATE_USER_ID_ varchar(255), 
START_TIME_ timestamp not null, 
END_TIME_ timestamp, 
REMOVAL_TIME_ timestamp, 
primary key (ID_) 
)
  create table ACT_HI_EXT_TASK_LOG ( 
ID_ varchar(64) not null, 
TIMESTAMP_ timestamp not null, 
EXT_TASK_ID_ varchar(64) not null, 
RETRIES_ integer, 
TOPIC_NAME_ varchar(255), 
WORKER_ID_ varchar(255), 
PRIORITY_ bigint not null default 0, 
ERROR_MSG_ varchar(4000), 
ERROR_DETAILS_ID_ varchar(64), 
ACT_ID_ varchar(255), 
ACT_INST_ID_ varchar(64), 
EXECUTION_ID_ varchar(64), 
ROOT_PROC_INST_ID_ varchar(64), 
PROC_INST_ID_ varchar(64), 
PROC_DEF_ID_ varchar(64), 
PROC_DEF_KEY_ varchar(255), 
TENANT_ID_ varchar(64), 
STATE_ integer, 
REMOVAL_TIME_ timestamp, 
primary key (ID_) 
)
  create index ACT_IDX_HI_PRO_INST_END on ACT_HI_PROCINST(END_TIME_)
  create index ACT_IDX_HI_PRO_I_BUSKEY on ACT_HI_PROCINST(BUSINESS_KEY_)
  create index ACT_IDX_HI_PRO_INST_TENANT_ID on ACT_HI_PROCINST(TENANT_ID_)
  create index ACT_IDX_HI_PRO_INST_PROC_DEF_KEY on ACT_HI_PROCINST(PROC_DEF_KEY_)
  create index ACT_IDX_HI_PRO_INST_PROC_TIME on ACT_HI_PROCINST(START_TIME_, END_TIME_)
  create index ACT_IDX_HI_PI_PDEFID_END_TIME on ACT_HI_PROCINST(PROC_DEF_ID_, END_TIME_)
  create index ACT_IDX_HI_PRO_INST_ROOT_PI on ACT_HI_PROCINST(ROOT_PROC_INST_ID_)
  create index ACT_IDX_HI_PRO_INST_RM_TIME on ACT_HI_PROCINST(REMOVAL_TIME_)
  create index ACT_IDX_HI_ACTINST_ROOT_PI on ACT_HI_ACTINST(ROOT_PROC_INST_ID_)
  create index ACT_IDX_HI_ACT_INST_START_END on ACT_HI_ACTINST(START_TIME_, END_TIME_)
  create index ACT_IDX_HI_ACT_INST_END on ACT_HI_ACTINST(END_TIME_)
  create index ACT_IDX_HI_ACT_INST_PROCINST on ACT_HI_ACTINST(PROC_INST_ID_, ACT_ID_)
  create index ACT_IDX_HI_ACT_INST_COMP on ACT_HI_ACTINST(EXECUTION_ID_, ACT_ID_, END_TIME_, ID_)
  create index ACT_IDX_HI_ACT_INST_STATS on ACT_HI_ACTINST(PROC_DEF_ID_, PROC_INST_ID_, ACT_ID_, END_TIME_, ACT_INST_STATE_)
  create index ACT_IDX_HI_ACT_INST_TENANT_ID on ACT_HI_ACTINST(TENANT_ID_)
  create index ACT_IDX_HI_ACT_INST_PROC_DEF_KEY on ACT_HI_ACTINST(PROC_DEF_KEY_)
  create index ACT_IDX_HI_AI_PDEFID_END_TIME on ACT_HI_ACTINST(PROC_DEF_ID_, END_TIME_)
  create index ACT_IDX_HI_ACT_INST_RM_TIME on ACT_HI_ACTINST(REMOVAL_TIME_)
  create index ACT_IDX_HI_DETAIL_ROOT_PI on ACT_HI_DETAIL(ROOT_PROC_INST_ID_)
  create index ACT_IDX_HI_DETAIL_PROC_INST on ACT_HI_DETAIL(PROC_INST_ID_)
  create index ACT_IDX_HI_DETAIL_ACT_INST on ACT_HI_DETAIL(ACT_INST_ID_)
  create index ACT_IDX_HI_DETAIL_CASE_INST on ACT_HI_DETAIL(CASE_INST_ID_)
  create index ACT_IDX_HI_DETAIL_CASE_EXEC on ACT_HI_DETAIL(CASE_EXECUTION_ID_)
  create index ACT_IDX_HI_DETAIL_TIME on ACT_HI_DETAIL(TIME_)
  create index ACT_IDX_HI_DETAIL_NAME on ACT_HI_DETAIL(NAME_)
  create index ACT_IDX_HI_DETAIL_TASK_ID on ACT_HI_DETAIL(TASK_ID_)
  create index ACT_IDX_HI_DETAIL_TENANT_ID on ACT_HI_DETAIL(TENANT_ID_)
  create index ACT_IDX_HI_DETAIL_PROC_DEF_KEY on ACT_HI_DETAIL(PROC_DEF_KEY_)
  create index ACT_IDX_HI_DETAIL_BYTEAR on ACT_HI_DETAIL(BYTEARRAY_ID_)
  create index ACT_IDX_HI_DETAIL_RM_TIME on ACT_HI_DETAIL(REMOVAL_TIME_)
  create index ACT_IDX_HI_DETAIL_TASK_BYTEAR on ACT_HI_DETAIL(BYTEARRAY_ID_, TASK_ID_)
  create index ACT_IDX_HI_DETAIL_VAR_INST_ID on ACT_HI_DETAIL(VAR_INST_ID_)
  create index ACT_IDX_HI_IDENT_LNK_ROOT_PI on ACT_HI_IDENTITYLINK(ROOT_PROC_INST_ID_)
  create index ACT_IDX_HI_IDENT_LNK_USER on ACT_HI_IDENTITYLINK(USER_ID_)
  create index ACT_IDX_HI_IDENT_LNK_TENANT_ID on ACT_HI_IDENTITYLINK(TENANT_ID_)
  create index ACT_IDX_HI_IDENT_LNK_GROUP on ACT_HI_IDENTITYLINK(GROUP_ID_)
  create index ACT_IDX_HI_IDENT_LNK_PROC_DEF_KEY on ACT_HI_IDENTITYLINK(PROC_DEF_KEY_)
  create index ACT_IDX_HI_IDENT_LINK_TASK on ACT_HI_IDENTITYLINK(TASK_ID_)
  create index ACT_IDX_HI_IDENT_LINK_RM_TIME on ACT_HI_IDENTITYLINK(REMOVAL_TIME_)
  create index ACT_IDX_HI_IDENT_LNK_TIMESTAMP on ACT_HI_IDENTITYLINK(TIMESTAMP_)
  create index ACT_IDX_HI_TASKINST_ROOT_PI on ACT_HI_TASKINST(ROOT_PROC_INST_ID_)
  create index ACT_IDX_HI_TASK_INST_TENANT_ID on ACT_HI_TASKINST(TENANT_ID_)
  create index ACT_IDX_HI_TASK_INST_PROC_DEF_KEY on ACT_HI_TASKINST(PROC_DEF_KEY_)
  create index ACT_IDX_HI_TASKINST_PROCINST on ACT_HI_TASKINST(PROC_INST_ID_)
  create index ACT_IDX_HI_TASKINSTID_PROCINST on ACT_HI_TASKINST(ID_,PROC_INST_ID_)
  create index ACT_IDX_HI_TASK_INST_RM_TIME on ACT_HI_TASKINST(REMOVAL_TIME_)
  create index ACT_IDX_HI_TASK_INST_START on ACT_HI_TASKINST(START_TIME_)
  create index ACT_IDX_HI_TASK_INST_END on ACT_HI_TASKINST(END_TIME_)
  create index ACT_IDX_HI_VARINST_ROOT_PI on ACT_HI_VARINST(ROOT_PROC_INST_ID_)
  create index ACT_IDX_HI_PROCVAR_PROC_INST on ACT_HI_VARINST(PROC_INST_ID_)
  create index ACT_IDX_HI_PROCVAR_NAME_TYPE on ACT_HI_VARINST(NAME_, VAR_TYPE_)
  create index ACT_IDX_HI_CASEVAR_CASE_INST on ACT_HI_VARINST(CASE_INST_ID_)
  create index ACT_IDX_HI_VAR_INST_TENANT_ID on ACT_HI_VARINST(TENANT_ID_)
  create index ACT_IDX_HI_VAR_INST_PROC_DEF_KEY on ACT_HI_VARINST(PROC_DEF_KEY_)
  create index ACT_IDX_HI_VARINST_BYTEAR on ACT_HI_VARINST(BYTEARRAY_ID_)
  create index ACT_IDX_HI_VARINST_RM_TIME on ACT_HI_VARINST(REMOVAL_TIME_)
  create index ACT_IDX_HI_VAR_PI_NAME_TYPE on ACT_HI_VARINST(PROC_INST_ID_, NAME_, VAR_TYPE_)
  create index ACT_IDX_HI_VARINST_NAME on ACT_HI_VARINST(NAME_)
  create index ACT_IDX_HI_VARINST_ACT_INST_ID on ACT_HI_VARINST(ACT_INST_ID_)
  create index ACT_IDX_HI_INCIDENT_TENANT_ID on ACT_HI_INCIDENT(TENANT_ID_)
  create index ACT_IDX_HI_INCIDENT_PROC_DEF_KEY on ACT_HI_INCIDENT(PROC_DEF_KEY_)
  create index ACT_IDX_HI_INCIDENT_ROOT_PI on ACT_HI_INCIDENT(ROOT_PROC_INST_ID_)
  create index ACT_IDX_HI_INCIDENT_PROCINST on ACT_HI_INCIDENT(PROC_INST_ID_)
  create index ACT_IDX_HI_INCIDENT_RM_TIME on ACT_HI_INCIDENT(REMOVAL_TIME_)
  create index ACT_IDX_HI_INCIDENT_CREATE_TIME on ACT_HI_INCIDENT(CREATE_TIME_)
  create index ACT_IDX_HI_INCIDENT_END_TIME on ACT_HI_INCIDENT(END_TIME_)
  create index ACT_IDX_HI_JOB_LOG_ROOT_PI on ACT_HI_JOB_LOG(ROOT_PROC_INST_ID_)
  create index ACT_IDX_HI_JOB_LOG_PROCINST on ACT_HI_JOB_LOG(PROCESS_INSTANCE_ID_)
  create index ACT_IDX_HI_JOB_LOG_PROCDEF on ACT_HI_JOB_LOG(PROCESS_DEF_ID_)
  create index ACT_IDX_HI_JOB_LOG_TENANT_ID on ACT_HI_JOB_LOG(TENANT_ID_)
  create index ACT_IDX_HI_JOB_LOG_JOB_DEF_ID on ACT_HI_JOB_LOG(JOB_DEF_ID_)
  create index ACT_IDX_HI_JOB_LOG_PROC_DEF_KEY on ACT_HI_JOB_LOG(PROCESS_DEF_KEY_)
  create index ACT_IDX_HI_JOB_LOG_EX_STACK on ACT_HI_JOB_LOG(JOB_EXCEPTION_STACK_ID_)
  create index ACT_IDX_HI_JOB_LOG_RM_TIME on ACT_HI_JOB_LOG(REMOVAL_TIME_)
  create index ACT_IDX_HI_JOB_LOG_JOB_CONF on ACT_HI_JOB_LOG(JOB_DEF_CONFIGURATION_)
  create index ACT_HI_BAT_RM_TIME on ACT_HI_BATCH(REMOVAL_TIME_)
  create index ACT_HI_EXT_TASK_LOG_ROOT_PI on ACT_HI_EXT_TASK_LOG(ROOT_PROC_INST_ID_)
  create index ACT_HI_EXT_TASK_LOG_PROCINST on ACT_HI_EXT_TASK_LOG(PROC_INST_ID_)
  create index ACT_HI_EXT_TASK_LOG_PROCDEF on ACT_HI_EXT_TASK_LOG(PROC_DEF_ID_)
  create index ACT_HI_EXT_TASK_LOG_PROC_DEF_KEY on ACT_HI_EXT_TASK_LOG(PROC_DEF_KEY_)
  create index ACT_HI_EXT_TASK_LOG_TENANT_ID on ACT_HI_EXT_TASK_LOG(TENANT_ID_)
  create index ACT_IDX_HI_EXTTASKLOG_ERRORDET on ACT_HI_EXT_TASK_LOG(ERROR_DETAILS_ID_)
  create index ACT_HI_EXT_TASK_LOG_RM_TIME on ACT_HI_EXT_TASK_LOG(REMOVAL_TIME_)
  create index ACT_IDX_HI_OP_LOG_ROOT_PI on ACT_HI_OP_LOG(ROOT_PROC_INST_ID_)
  create index ACT_IDX_HI_OP_LOG_PROCINST on ACT_HI_OP_LOG(PROC_INST_ID_)
  create index ACT_IDX_HI_OP_LOG_PROCDEF on ACT_HI_OP_LOG(PROC_DEF_ID_)
  create index ACT_IDX_HI_OP_LOG_TASK on ACT_HI_OP_LOG(TASK_ID_)
  create index ACT_IDX_HI_OP_LOG_RM_TIME on ACT_HI_OP_LOG(REMOVAL_TIME_)
  create index ACT_IDX_HI_OP_LOG_TIMESTAMP on ACT_HI_OP_LOG(TIMESTAMP_)
  create index ACT_IDX_HI_OP_LOG_USER_ID on ACT_HI_OP_LOG(USER_ID_)
  create index ACT_IDX_HI_OP_LOG_OP_TYPE on ACT_HI_OP_LOG(OPERATION_TYPE_)
  create index ACT_IDX_HI_OP_LOG_ENTITY_TYPE on ACT_HI_OP_LOG(ENTITY_TYPE_)
  create index ACT_IDX_HI_COMMENT_TASK on ACT_HI_COMMENT(TASK_ID_)
  create index ACT_IDX_HI_COMMENT_ROOT_PI on ACT_HI_COMMENT(ROOT_PROC_INST_ID_)
  create index ACT_IDX_HI_COMMENT_PROCINST on ACT_HI_COMMENT(PROC_INST_ID_)
  create index ACT_IDX_HI_COMMENT_RM_TIME on ACT_HI_COMMENT(REMOVAL_TIME_)
  create index ACT_IDX_HI_ATTACHMENT_CONTENT on ACT_HI_ATTACHMENT(CONTENT_ID_)
  create index ACT_IDX_HI_ATTACHMENT_ROOT_PI on ACT_HI_ATTACHMENT(ROOT_PROC_INST_ID_)
  create index ACT_IDX_HI_ATTACHMENT_PROCINST on ACT_HI_ATTACHMENT(PROC_INST_ID_)
  create index ACT_IDX_HI_ATTACHMENT_TASK on ACT_HI_ATTACHMENT(TASK_ID_)
  create index ACT_IDX_HI_ATTACHMENT_RM_TIME on ACT_HI_ATTACHMENT(REMOVAL_TIME_)
]
10:54:13.815 [main] DEBUG org.camunda.bpm.engine.persistence - ENGINE-03Database schema operation 'history' for component '{}' was successful. create
10:54:13.824 [main] INFO org.camunda.bpm.engine.persistence - ENGINE-03016 Performing database operation 'create' on component 'identity' with resource 'org/camunda/bpm/engine/db/create/activiti.h2.create.identity.sql'
10:54:13.824 [main] DEBUG org.camunda.bpm.engine.persistence - ENGINE-03062 Executing Schmema DDL [
  Copyright Camunda Services GmbH and/or licensed to Camunda Services GmbH
  under one or more contributor license agreements. See the NOTICE file
  distributed with this work for additional information regarding copyright
  ownership. Camunda licenses this file to you under the Apache License,
  Version 2.0; you may not use this file except in compliance with the License.
  You may obtain a copy of the License at
      http://www.apache.org/licenses/LICENSE-2.0
  Unless required by applicable law or agreed to in writing, software
  distributed under the License is distributed on an "AS IS" BASIS,
  WITHOUT WARRANTIES OR CONDITIONS OF ANY KIND, either express or implied.
  See the License for the specific language governing permissions and
  limitations under the License.
  -- 
-- 
-- 
-- 
create table ACT_ID_GROUP ( 
ID_ varchar(64), 
REV_ integer, 
NAME_ varchar(255), 
TYPE_ varchar(255), 
primary key (ID_) 
)
  create table ACT_ID_MEMBERSHIP ( 
USER_ID_ varchar(64), 
GROUP_ID_ varchar(64), 
primary key (USER_ID_, GROUP_ID_) 
)
  create table ACT_ID_USER ( 
ID_ varchar(64), 
REV_ integer, 
FIRST_ varchar(255), 
LAST_ varchar(255), 
EMAIL_ varchar(255), 
PWD_ varchar(255), 
SALT_ varchar(255), 
LOCK_EXP_TIME_ timestamp, 
ATTEMPTS_ integer, 
PICTURE_ID_ varchar(64), 
primary key (ID_) 
)
  create table ACT_ID_INFO ( 
ID_ varchar(64), 
REV_ integer, 
USER_ID_ varchar(64), 
TYPE_ varchar(64), 
KEY_ varchar(255), 
VALUE_ varchar(255), 
PASSWORD_ longvarbinary, 
PARENT_ID_ varchar(255), 
primary key (ID_) 
)
  create table ACT_ID_TENANT ( 
ID_ varchar(64), 
REV_ integer, 
NAME_ varchar(255), 
primary key (ID_) 
)
  create table ACT_ID_TENANT_MEMBER ( 
ID_ varchar(64) not null, 
TENANT_ID_ varchar(64) not null, 
USER_ID_ varchar(64), 
GROUP_ID_ varchar(64), 
primary key (ID_) 
)
  alter table ACT_ID_MEMBERSHIP 
add constraint ACT_FK_MEMB_GROUP 
foreign key (GROUP_ID_) 
references ACT_ID_GROUP
  alter table ACT_ID_MEMBERSHIP 
add constraint ACT_FK_MEMB_USER 
foreign key (USER_ID_) 
references ACT_ID_USER
  alter table ACT_ID_TENANT_MEMBER 
add constraint ACT_UNIQ_TENANT_MEMB_USER 
unique (TENANT_ID_, USER_ID_)
  alter table ACT_ID_TENANT_MEMBER 
add constraint ACT_UNIQ_TENANT_MEMB_GROUP 
unique (TENANT_ID_, GROUP_ID_)
  alter table ACT_ID_TENANT_MEMBER 
add constraint ACT_FK_TENANT_MEMB 
foreign key (TENANT_ID_) 
references ACT_ID_TENANT
  alter table ACT_ID_TENANT_MEMBER 
add constraint ACT_FK_TENANT_MEMB_USER 
foreign key (USER_ID_) 
references ACT_ID_USER
  alter table ACT_ID_TENANT_MEMBER 
add constraint ACT_FK_TENANT_MEMB_GROUP 
foreign key (GROUP_ID_) 
references ACT_ID_GROUP
]
10:54:13.824 [main] DEBUG org.camunda.bpm.engine.persistence - ENGINE-03Database schema operation 'identity' for component '{}' was successful. create
10:54:13.831 [main] INFO org.camunda.bpm.engine.persistence - ENGINE-03016 Performing database operation 'create' on component 'case.engine' with resource 'org/camunda/bpm/engine/db/create/activiti.h2.create.case.engine.sql'
10:54:13.831 [main] DEBUG org.camunda.bpm.engine.persistence - ENGINE-03062 Executing Schmema DDL [
  Copyright Camunda Services GmbH and/or licensed to Camunda Services GmbH
  under one or more contributor license agreements. See the NOTICE file
  distributed with this work for additional information regarding copyright
  ownership. Camunda licenses this file to you under the Apache License,
  Version 2.0; you may not use this file except in compliance with the License.
  You may obtain a copy of the License at
      http://www.apache.org/licenses/LICENSE-2.0
  Unless required by applicable law or agreed to in writing, software
  distributed under the License is distributed on an "AS IS" BASIS,
  WITHOUT WARRANTIES OR CONDITIONS OF ANY KIND, either express or implied.
  See the License for the specific language governing permissions and
  limitations under the License.
  create case definition table --
  -- 
-- 
-- 
-- 
create table ACT_RE_CASE_DEF ( 
ID_ varchar(64) NOT NULL, 
REV_ integer, 
CATEGORY_ varchar(255), 
NAME_ varchar(255), 
KEY_ varchar(255) NOT NULL, 
VERSION_ integer NOT NULL, 
DEPLOYMENT_ID_ varchar(64), 
RESOURCE_NAME_ varchar(4000), 
DGRM_RESOURCE_NAME_ varchar(4000), 
TENANT_ID_ varchar(64), 
HISTORY_TTL_ integer, 
primary key (ID_) 
)
  create case execution table --
  create table ACT_RU_CASE_EXECUTION ( 
ID_ varchar(64) NOT NULL, 
REV_ integer, 
CASE_INST_ID_ varchar(64), 
SUPER_CASE_EXEC_ varchar(64), 
SUPER_EXEC_ varchar(64), 
BUSINESS_KEY_ varchar(255), 
PARENT_ID_ varchar(64), 
CASE_DEF_ID_ varchar(64), 
ACT_ID_ varchar(255), 
PREV_STATE_ integer, 
CURRENT_STATE_ integer, 
REQUIRED_ bit, 
TENANT_ID_ varchar(64), 
primary key (ID_) 
)
  create case sentry part table --
  create table ACT_RU_CASE_SENTRY_PART ( 
ID_ varchar(64) NOT NULL, 
REV_ integer, 
CASE_INST_ID_ varchar(64), 
CASE_EXEC_ID_ varchar(64), 
SENTRY_ID_ varchar(255), 
TYPE_ varchar(255), 
SOURCE_CASE_EXEC_ID_ varchar(64), 
STANDARD_EVENT_ varchar(255), 
SOURCE_ varchar(255), 
VARIABLE_EVENT_ varchar(255), 
VARIABLE_NAME_ varchar(255), 
SATISFIED_ bit, 
TENANT_ID_ varchar(64), 
primary key (ID_) 
)
  create index on business key --
  create index ACT_IDX_CASE_EXEC_BUSKEY on ACT_RU_CASE_EXECUTION(BUSINESS_KEY_)
  create foreign key constraints on ACT_RU_CASE_EXECUTION --
  alter table ACT_RU_CASE_EXECUTION 
add constraint ACT_FK_CASE_EXE_CASE_INST 
foreign key (CASE_INST_ID_) 
references ACT_RU_CASE_EXECUTION
  alter table ACT_RU_CASE_EXECUTION 
add constraint ACT_FK_CASE_EXE_PARENT 
foreign key (PARENT_ID_) 
references ACT_RU_CASE_EXECUTION
  alter table ACT_RU_CASE_EXECUTION 
add constraint ACT_FK_CASE_EXE_CASE_DEF 
foreign key (CASE_DEF_ID_) 
references ACT_RE_CASE_DEF
  create foreign key constraints on ACT_RU_VARIABLE --
  alter table ACT_RU_VARIABLE 
add constraint ACT_FK_VAR_CASE_EXE 
foreign key (CASE_EXECUTION_ID_) 
references ACT_RU_CASE_EXECUTION
  alter table ACT_RU_VARIABLE 
add constraint ACT_FK_VAR_CASE_INST 
foreign key (CASE_INST_ID_) 
references ACT_RU_CASE_EXECUTION
  create foreign key constraints on ACT_RU_TASK --
  alter table ACT_RU_TASK 
add constraint ACT_FK_TASK_CASE_EXE 
foreign key (CASE_EXECUTION_ID_) 
references ACT_RU_CASE_EXECUTION
  alter table ACT_RU_TASK 
add constraint ACT_FK_TASK_CASE_DEF 
foreign key (CASE_DEF_ID_) 
references ACT_RE_CASE_DEF
  create foreign key constraints on ACT_RU_CASE_SENTRY_PART --
  alter table ACT_RU_CASE_SENTRY_PART 
add constraint ACT_FK_CASE_SENTRY_CASE_INST 
foreign key (CASE_INST_ID_) 
references ACT_RU_CASE_EXECUTION
  alter table ACT_RU_CASE_SENTRY_PART 
add constraint ACT_FK_CASE_SENTRY_CASE_EXEC 
foreign key (CASE_EXEC_ID_) 
references ACT_RU_CASE_EXECUTION
  create index ACT_IDX_CASE_DEF_TENANT_ID on ACT_RE_CASE_DEF(TENANT_ID_)
  create index ACT_IDX_CASE_EXEC_TENANT_ID on ACT_RU_CASE_EXECUTION(TENANT_ID_)
]
10:54:13.831 [main] DEBUG org.camunda.bpm.engine.persistence - ENGINE-03Database schema operation 'case.engine' for component '{}' was successful. create
10:54:13.835 [main] INFO org.camunda.bpm.engine.persistence - ENGINE-03016 Performing database operation 'create' on component 'case.history' with resource 'org/camunda/bpm/engine/db/create/activiti.h2.create.case.history.sql'
10:54:13.835 [main] DEBUG org.camunda.bpm.engine.persistence - ENGINE-03062 Executing Schmema DDL [
  Copyright Camunda Services GmbH and/or licensed to Camunda Services GmbH
  under one or more contributor license agreements. See the NOTICE file
  distributed with this work for additional information regarding copyright
  ownership. Camunda licenses this file to you under the Apache License,
  Version 2.0; you may not use this file except in compliance with the License.
  You may obtain a copy of the License at
      http://www.apache.org/licenses/LICENSE-2.0
  Unless required by applicable law or agreed to in writing, software
  distributed under the License is distributed on an "AS IS" BASIS,
  WITHOUT WARRANTIES OR CONDITIONS OF ANY KIND, either express or implied.
  See the License for the specific language governing permissions and
  limitations under the License.
  -- 
-- 
-- 
-- 
create table ACT_HI_CASEINST ( 
ID_ varchar(64) not null, 
CASE_INST_ID_ varchar(64) not null, 
BUSINESS_KEY_ varchar(255), 
CASE_DEF_ID_ varchar(64) not null, 
CREATE_TIME_ timestamp not null, 
CLOSE_TIME_ timestamp, 
DURATION_ bigint, 
STATE_ integer, 
CREATE_USER_ID_ varchar(255), 
SUPER_CASE_INSTANCE_ID_ varchar(64), 
SUPER_PROCESS_INSTANCE_ID_ varchar(64), 
TENANT_ID_ varchar(64), 
primary key (ID_), 
unique (CASE_INST_ID_) 
)
  create table ACT_HI_CASEACTINST ( 
ID_ varchar(64) not null, 
PARENT_ACT_INST_ID_ varchar(64), 
CASE_DEF_ID_ varchar(64) not null, 
CASE_INST_ID_ varchar(64) not null, 
CASE_ACT_ID_ varchar(255) not null, 
TASK_ID_ varchar(64), 
CALL_PROC_INST_ID_ varchar(64), 
CALL_CASE_INST_ID_ varchar(64), 
CASE_ACT_NAME_ varchar(255), 
CASE_ACT_TYPE_ varchar(255), 
CREATE_TIME_ timestamp not null, 
END_TIME_ timestamp, 
DURATION_ bigint, 
STATE_ integer, 
REQUIRED_ bit, 
TENANT_ID_ varchar(64), 
primary key (ID_) 
)
  create index ACT_IDX_HI_CAS_I_CLOSE on ACT_HI_CASEINST(CLOSE_TIME_)
  create index ACT_IDX_HI_CAS_I_BUSKEY on ACT_HI_CASEINST(BUSINESS_KEY_)
  create index ACT_IDX_HI_CAS_I_TENANT_ID on ACT_HI_CASEINST(TENANT_ID_)
  create index ACT_IDX_HI_CAS_A_I_CREATE on ACT_HI_CASEACTINST(CREATE_TIME_)
  create index ACT_IDX_HI_CAS_A_I_END on ACT_HI_CASEACTINST(END_TIME_)
  create index ACT_IDX_HI_CAS_A_I_COMP on ACT_HI_CASEACTINST(CASE_ACT_ID_, END_TIME_, ID_)
  create index ACT_IDX_HI_CAS_A_I_TENANT_ID on ACT_HI_CASEACTINST(TENANT_ID_)
]
10:54:13.835 [main] DEBUG org.camunda.bpm.engine.persistence - ENGINE-03Database schema operation 'case.history' for component '{}' was successful. create
10:54:13.843 [main] INFO org.camunda.bpm.engine.persistence - ENGINE-03016 Performing database operation 'create' on component 'decision.engine' with resource 'org/camunda/bpm/engine/db/create/activiti.h2.create.decision.engine.sql'
10:54:13.843 [main] DEBUG org.camunda.bpm.engine.persistence - ENGINE-03062 Executing Schmema DDL [
  Copyright Camunda Services GmbH and/or licensed to Camunda Services GmbH
  under one or more contributor license agreements. See the NOTICE file
  distributed with this work for additional information regarding copyright
  ownership. Camunda licenses this file to you under the Apache License,
  Version 2.0; you may not use this file except in compliance with the License.
  You may obtain a copy of the License at
      http://www.apache.org/licenses/LICENSE-2.0
  Unless required by applicable law or agreed to in writing, software
  distributed under the License is distributed on an "AS IS" BASIS,
  WITHOUT WARRANTIES OR CONDITIONS OF ANY KIND, either express or implied.
  See the License for the specific language governing permissions and
  limitations under the License.
  create decision definition table --
  -- 
-- 
-- 
-- 
create table ACT_RE_DECISION_DEF ( 
ID_ varchar(64) NOT NULL, 
REV_ integer, 
CATEGORY_ varchar(255), 
NAME_ varchar(255), 
KEY_ varchar(255) NOT NULL, 
VERSION_ integer NOT NULL, 
DEPLOYMENT_ID_ varchar(64), 
RESOURCE_NAME_ varchar(4000), 
DGRM_RESOURCE_NAME_ varchar(4000), 
DEC_REQ_ID_ varchar(64), 
DEC_REQ_KEY_ varchar(255), 
TENANT_ID_ varchar(64), 
HISTORY_TTL_ integer, 
VERSION_TAG_ varchar(64), 
primary key (ID_) 
)
  create decision requirements definition table --
  create table ACT_RE_DECISION_REQ_DEF ( 
ID_ varchar(64) NOT NULL, 
REV_ integer, 
CATEGORY_ varchar(255), 
NAME_ varchar(255), 
KEY_ varchar(255) NOT NULL, 
VERSION_ integer NOT NULL, 
DEPLOYMENT_ID_ varchar(64), 
RESOURCE_NAME_ varchar(4000), 
DGRM_RESOURCE_NAME_ varchar(4000), 
TENANT_ID_ varchar(64), 
primary key (ID_) 
)
  alter table ACT_RE_DECISION_DEF 
add constraint ACT_FK_DEC_REQ 
foreign key (DEC_REQ_ID_) 
references ACT_RE_DECISION_REQ_DEF(ID_)
  create index ACT_IDX_DEC_DEF_TENANT_ID on ACT_RE_DECISION_DEF(TENANT_ID_)
  create index ACT_IDX_DEC_DEF_REQ_ID on ACT_RE_DECISION_DEF(DEC_REQ_ID_)
  create index ACT_IDX_DEC_REQ_DEF_TENANT_ID on ACT_RE_DECISION_REQ_DEF(TENANT_ID_)
]
10:54:13.843 [main] DEBUG org.camunda.bpm.engine.persistence - ENGINE-03Database schema operation 'decision.engine' for component '{}' was successful. create
10:54:13.847 [main] INFO org.camunda.bpm.engine.persistence - ENGINE-03016 Performing database operation 'create' on component 'decision.history' with resource 'org/camunda/bpm/engine/db/create/activiti.h2.create.decision.history.sql'
10:54:13.847 [main] DEBUG org.camunda.bpm.engine.persistence - ENGINE-03062 Executing Schmema DDL [
  Copyright Camunda Services GmbH and/or licensed to Camunda Services GmbH
  under one or more contributor license agreements. See the NOTICE file
  distributed with this work for additional information regarding copyright
  ownership. Camunda licenses this file to you under the Apache License,
  Version 2.0; you may not use this file except in compliance with the License.
  You may obtain a copy of the License at
      http://www.apache.org/licenses/LICENSE-2.0
  Unless required by applicable law or agreed to in writing, software
  distributed under the License is distributed on an "AS IS" BASIS,
  WITHOUT WARRANTIES OR CONDITIONS OF ANY KIND, either express or implied.
  See the License for the specific language governing permissions and
  limitations under the License.
  create history decision instance table --
  -- 
-- 
-- 
-- 
create table ACT_HI_DECINST ( 
ID_ varchar(64) NOT NULL, 
DEC_DEF_ID_ varchar(64) NOT NULL, 
DEC_DEF_KEY_ varchar(255) NOT NULL, 
DEC_DEF_NAME_ varchar(255), 
PROC_DEF_KEY_ varchar(255), 
PROC_DEF_ID_ varchar(64), 
PROC_INST_ID_ varchar(64), 
CASE_DEF_KEY_ varchar(255), 
CASE_DEF_ID_ varchar(64), 
CASE_INST_ID_ varchar(64), 
ACT_INST_ID_ varchar(64), 
ACT_ID_ varchar(255), 
EVAL_TIME_ timestamp not null, 
REMOVAL_TIME_ timestamp, 
COLLECT_VALUE_ double precision, 
USER_ID_ varchar(255), 
ROOT_DEC_INST_ID_ varchar(64), 
ROOT_PROC_INST_ID_ varchar(64), 
DEC_REQ_ID_ varchar(64), 
DEC_REQ_KEY_ varchar(255), 
TENANT_ID_ varchar(64), 
primary key (ID_) 
)
  create history decision input table --
  create table ACT_HI_DEC_IN ( 
ID_ varchar(64) NOT NULL, 
DEC_INST_ID_ varchar(64) NOT NULL, 
CLAUSE_ID_ varchar(64), 
CLAUSE_NAME_ varchar(255), 
VAR_TYPE_ varchar(100), 
BYTEARRAY_ID_ varchar(64), 
DOUBLE_ double precision, 
LONG_ bigint, 
TEXT_ varchar(4000), 
TEXT2_ varchar(4000), 
TENANT_ID_ varchar(64), 
CREATE_TIME_ timestamp, 
ROOT_PROC_INST_ID_ varchar(64), 
REMOVAL_TIME_ timestamp, 
primary key (ID_) 
)
  create history decision output table --
  create table ACT_HI_DEC_OUT ( 
ID_ varchar(64) NOT NULL, 
DEC_INST_ID_ varchar(64) NOT NULL, 
CLAUSE_ID_ varchar(64), 
CLAUSE_NAME_ varchar(255), 
RULE_ID_ varchar(64), 
RULE_ORDER_ integer, 
VAR_NAME_ varchar(255), 
VAR_TYPE_ varchar(100), 
BYTEARRAY_ID_ varchar(64), 
DOUBLE_ double precision, 
LONG_ bigint, 
TEXT_ varchar(4000), 
TEXT2_ varchar(4000), 
TENANT_ID_ varchar(64), 
CREATE_TIME_ timestamp, 
ROOT_PROC_INST_ID_ varchar(64), 
REMOVAL_TIME_ timestamp, 
primary key (ID_) 
)
  create index ACT_IDX_HI_DEC_INST_ID on ACT_HI_DECINST(DEC_DEF_ID_)
  create index ACT_IDX_HI_DEC_INST_KEY on ACT_HI_DECINST(DEC_DEF_KEY_)
  create index ACT_IDX_HI_DEC_INST_PI on ACT_HI_DECINST(PROC_INST_ID_)
  create index ACT_IDX_HI_DEC_INST_CI on ACT_HI_DECINST(CASE_INST_ID_)
  create index ACT_IDX_HI_DEC_INST_ACT on ACT_HI_DECINST(ACT_ID_)
  create index ACT_IDX_HI_DEC_INST_ACT_INST on ACT_HI_DECINST(ACT_INST_ID_)
  create index ACT_IDX_HI_DEC_INST_TIME on ACT_HI_DECINST(EVAL_TIME_)
  create index ACT_IDX_HI_DEC_INST_TENANT_ID on ACT_HI_DECINST(TENANT_ID_)
  create index ACT_IDX_HI_DEC_INST_ROOT_ID on ACT_HI_DECINST(ROOT_DEC_INST_ID_)
  create index ACT_IDX_HI_DEC_INST_REQ_ID on ACT_HI_DECINST(DEC_REQ_ID_)
  create index ACT_IDX_HI_DEC_INST_REQ_KEY on ACT_HI_DECINST(DEC_REQ_KEY_)
  create index ACT_IDX_HI_DEC_INST_ROOT_PI on ACT_HI_DECINST(ROOT_PROC_INST_ID_)
  create index ACT_IDX_HI_DEC_INST_RM_TIME on ACT_HI_DECINST(REMOVAL_TIME_)
  create index ACT_IDX_HI_DEC_IN_INST on ACT_HI_DEC_IN(DEC_INST_ID_)
  create index ACT_IDX_HI_DEC_IN_CLAUSE on ACT_HI_DEC_IN(DEC_INST_ID_, CLAUSE_ID_)
  create index ACT_IDX_HI_DEC_IN_ROOT_PI on ACT_HI_DEC_IN(ROOT_PROC_INST_ID_)
  create index ACT_IDX_HI_DEC_IN_RM_TIME on ACT_HI_DEC_IN(REMOVAL_TIME_)
  create index ACT_IDX_HI_DEC_OUT_INST on ACT_HI_DEC_OUT(DEC_INST_ID_)
  create index ACT_IDX_HI_DEC_OUT_RULE on ACT_HI_DEC_OUT(RULE_ORDER_, CLAUSE_ID_)
  create index ACT_IDX_HI_DEC_OUT_ROOT_PI on ACT_HI_DEC_OUT(ROOT_PROC_INST_ID_)
  create index ACT_IDX_HI_DEC_OUT_RM_TIME on ACT_HI_DEC_OUT(REMOVAL_TIME_)
]
10:54:13.847 [main] DEBUG org.camunda.bpm.engine.persistence - ENGINE-03Database schema operation 'decision.history' for component '{}' was successful. create
10:54:13.847 [main] DEBUG org.camunda.bpm.engine.cmd - ENGINE-13011 closing existing command context
10:54:13.847 [main] DEBUG org.camunda.bpm.engine.tx - ENGINE-11002 firing event committing...
10:54:13.850 [main] DEBUG org.camunda.bpm.engine.tx - ENGINE-11002 committing the persistence session...
10:54:13.850 [main] DEBUG org.camunda.bpm.engine.tx - ENGINE-11002 firing event committed...
10:54:13.850 [main] DEBUG org.apache.ibatis.transaction.jdbc.JdbcTransaction - Resetting autocommit to true on JDBC Connection [conn0: url=jdbc:h2:mem:camunda user=SA]
10:54:13.850 [main] DEBUG org.apache.ibatis.transaction.jdbc.JdbcTransaction - Closing JDBC Connection [conn0: url=jdbc:h2:mem:camunda user=SA]
10:54:13.850 [main] DEBUG org.apache.ibatis.datasource.pooled.PooledDataSource - Returned connection 1313618488 to pool.
10:54:13.851 [main] DEBUG org.camunda.bpm.engine.cmd - ENGINE-13006 Finishing command -------------------- SchemaOperationsProcessEngineBuild ----------------------
10:54:13.851 [main] DEBUG org.camunda.bpm.engine.cmd - ENGINE-13005 Starting command -------------------- HistoryLevelSetupCommand ----------------------
10:54:13.851 [main] DEBUG org.camunda.bpm.engine.cmd - ENGINE-13009 opening new command context
10:54:13.857 [main] DEBUG org.apache.ibatis.transaction.jdbc.JdbcTransaction - Opening JDBC Connection
10:54:13.857 [main] DEBUG org.apache.ibatis.datasource.pooled.PooledDataSource - Checked out connection 1313618488 from pool.
10:54:13.857 [main] DEBUG org.apache.ibatis.transaction.jdbc.JdbcTransaction - Setting autocommit to false on JDBC Connection [conn0: url=jdbc:h2:mem:camunda user=SA]
10:54:13.859 [main] DEBUG org.camunda.bpm.engine.impl.persistence.entity.PropertyEntity.selectProperty - ==>  Preparing: select * from ACT_GE_PROPERTY where NAME_ = ?
10:54:13.898 [main] DEBUG org.camunda.bpm.engine.impl.persistence.entity.PropertyEntity.selectProperty - ==> Parameters: startup.lock(String)
10:54:13.917 [main] DEBUG org.camunda.bpm.engine.impl.persistence.entity.PropertyEntity.selectProperty - <==      Total: 1
10:54:13.918 [main] DEBUG org.camunda.bpm.engine.impl.persistence.entity.PropertyEntity.selectProperty - ==>  Preparing: select * from ACT_GE_PROPERTY where NAME_ = ?
10:54:13.918 [main] DEBUG org.camunda.bpm.engine.impl.persistence.entity.PropertyEntity.selectProperty - ==> Parameters: historyLevel(String)
10:54:13.918 [main] DEBUG org.camunda.bpm.engine.impl.persistence.entity.PropertyEntity.selectProperty - <==      Total: 0
10:54:13.918 [main] DEBUG org.camunda.bpm.engine.persistence - ENGINE-03106 No exclusive lock is acquired on CockroachDB or H2, as pessimistic locks are disabled on these databases.
10:54:13.918 [main] DEBUG org.camunda.bpm.engine.impl.persistence.entity.PropertyEntity.selectProperty - ==>  Preparing: select * from ACT_GE_PROPERTY where NAME_ = ?
10:54:13.919 [main] DEBUG org.camunda.bpm.engine.impl.persistence.entity.PropertyEntity.selectProperty - ==> Parameters: historyLevel(String)
10:54:13.919 [main] DEBUG org.camunda.bpm.engine.impl.persistence.entity.PropertyEntity.selectProperty - <==      Total: 0
10:54:13.919 [main] INFO org.camunda.bpm.engine.persistence - ENGINE-03067 No history level property found in database
10:54:13.919 [main] INFO org.camunda.bpm.engine.persistence - ENGINE-03065 Creating historyLevel property in database for level: HistoryLevelFull(name=full, id=3)
10:54:13.919 [main] DEBUG org.camunda.bpm.engine.cmd - ENGINE-13011 closing existing command context
10:54:13.919 [main] DEBUG org.camunda.bpm.engine.persistence - ENGINE-03006 Cache state after flush: [
  PERSISTENT PropertyEntity[startup.lock]
  PERSISTENT PropertyEntity[historyLevel]
]
10:54:13.919 [main] DEBUG org.camunda.bpm.engine.persistence - ENGINE-03008 Flush Summary: [
  INSERT PropertyEntity[historyLevel]
]
10:54:13.920 [main] DEBUG org.camunda.bpm.engine.persistence - ENGINE-03009 SQL operation: 'INSERT'; Entity: 'PropertyEntity[id=historyLevel]'
10:54:13.920 [main] DEBUG org.camunda.bpm.engine.impl.persistence.entity.PropertyEntity.insertProperty - ==>  Preparing: insert into ACT_GE_PROPERTY ( NAME_, VALUE_, REV_ ) values ( ?, ?, 1 )
10:54:13.920 [main] DEBUG org.camunda.bpm.engine.impl.persistence.entity.PropertyEntity.insertProperty - ==> Parameters: historyLevel(String), 3(String)
10:54:13.923 [main] DEBUG org.camunda.bpm.engine.tx - ENGINE-11002 firing event committing...
10:54:13.923 [main] DEBUG org.camunda.bpm.engine.tx - ENGINE-11002 committing the persistence session...
10:54:13.923 [main] DEBUG org.apache.ibatis.transaction.jdbc.JdbcTransaction - Committing JDBC Connection [conn0: url=jdbc:h2:mem:camunda user=SA]
10:54:13.923 [main] DEBUG org.camunda.bpm.engine.tx - ENGINE-11002 firing event committed...
10:54:13.923 [main] DEBUG org.apache.ibatis.transaction.jdbc.JdbcTransaction - Resetting autocommit to true on JDBC Connection [conn0: url=jdbc:h2:mem:camunda user=SA]
10:54:13.924 [main] DEBUG org.apache.ibatis.transaction.jdbc.JdbcTransaction - Closing JDBC Connection [conn0: url=jdbc:h2:mem:camunda user=SA]
10:54:13.924 [main] DEBUG org.apache.ibatis.datasource.pooled.PooledDataSource - Returned connection 1313618488 to pool.
10:54:13.924 [main] DEBUG org.camunda.bpm.engine.cmd - ENGINE-13006 Finishing command -------------------- HistoryLevelSetupCommand ----------------------
10:54:13.924 [main] DEBUG org.camunda.bpm.engine.cmd - ENGINE-13005 Starting command -------------------- BootstrapEngineCommand ----------------------
10:54:13.924 [main] DEBUG org.camunda.bpm.engine.cmd - ENGINE-13009 opening new command context
10:54:13.924 [main] DEBUG org.apache.ibatis.transaction.jdbc.JdbcTransaction - Opening JDBC Connection
10:54:13.924 [main] DEBUG org.apache.ibatis.datasource.pooled.PooledDataSource - Checked out connection 1313618488 from pool.
10:54:13.924 [main] DEBUG org.apache.ibatis.transaction.jdbc.JdbcTransaction - Setting autocommit to false on JDBC Connection [conn0: url=jdbc:h2:mem:camunda user=SA]
10:54:13.924 [main] DEBUG org.camunda.bpm.engine.impl.persistence.entity.PropertyEntity.selectProperty - ==>  Preparing: select * from ACT_GE_PROPERTY where NAME_ = ?
10:54:13.924 [main] DEBUG org.camunda.bpm.engine.impl.persistence.entity.PropertyEntity.selectProperty - ==> Parameters: installationId.lock(String)
10:54:13.924 [main] DEBUG org.camunda.bpm.engine.impl.persistence.entity.PropertyEntity.selectProperty - <==      Total: 1
10:54:13.924 [main] DEBUG org.camunda.bpm.engine.impl.persistence.entity.PropertyEntity.selectProperty - ==>  Preparing: select * from ACT_GE_PROPERTY where NAME_ = ?
10:54:13.924 [main] DEBUG org.camunda.bpm.engine.impl.persistence.entity.PropertyEntity.selectProperty - ==> Parameters: camunda.installation.id(String)
10:54:13.925 [main] DEBUG org.camunda.bpm.engine.impl.persistence.entity.PropertyEntity.selectProperty - <==      Total: 0
10:54:13.925 [main] DEBUG org.camunda.bpm.engine.persistence - ENGINE-03106 No exclusive lock is acquired on CockroachDB or H2, as pessimistic locks are disabled on these databases.
10:54:13.925 [main] DEBUG org.camunda.bpm.engine.impl.persistence.entity.PropertyEntity.selectProperty - ==>  Preparing: select * from ACT_GE_PROPERTY where NAME_ = ?
10:54:13.925 [main] DEBUG org.camunda.bpm.engine.impl.persistence.entity.PropertyEntity.selectProperty - ==> Parameters: camunda.installation.id(String)
10:54:13.925 [main] DEBUG org.camunda.bpm.engine.impl.persistence.entity.PropertyEntity.selectProperty - <==      Total: 0
10:54:13.925 [main] DEBUG org.camunda.bpm.engine.persistence - ENGINE-03096 No installation id property found in database
10:54:13.925 [main] DEBUG org.camunda.bpm.engine.persistence - ENGINE-03097 Creating the installation id property in database with the value: 2d523a5a-31cb-4a8b-8d8b-7453f6e485af
10:54:13.925 [main] DEBUG org.camunda.bpm.engine.impl.persistence.entity.PropertyEntity.selectProperty - ==>  Preparing: select * from ACT_GE_PROPERTY where NAME_ = ?
10:54:13.925 [main] DEBUG org.camunda.bpm.engine.impl.persistence.entity.PropertyEntity.selectProperty - ==> Parameters: deployment.lock(String)
10:54:13.925 [main] DEBUG org.camunda.bpm.engine.impl.persistence.entity.PropertyEntity.selectProperty - <==      Total: 1
10:54:13.925 [main] DEBUG org.camunda.bpm.engine.impl.persistence.entity.PropertyEntity.selectProperty - ==>  Preparing: select * from ACT_GE_PROPERTY where NAME_ = ?
10:54:13.925 [main] DEBUG org.camunda.bpm.engine.impl.persistence.entity.PropertyEntity.selectProperty - ==> Parameters: history.cleanup.job.lock(String)
10:54:13.926 [main] DEBUG org.camunda.bpm.engine.impl.persistence.entity.PropertyEntity.selectProperty - <==      Total: 1
10:54:13.926 [main] DEBUG org.camunda.bpm.engine.cmd - ENGINE-13005 Starting command -------------------- GetTableMetaDataCmd ----------------------
10:54:13.926 [main] DEBUG org.camunda.bpm.engine.cmd - ENGINE-13010 reusing existing command context
10:54:13.943 [main] DEBUG org.camunda.bpm.engine.cmd - ENGINE-13006 Finishing command -------------------- GetTableMetaDataCmd ----------------------
10:54:13.944 [main] DEBUG org.camunda.bpm.engine.cmd - ENGINE-13005 Starting command -------------------- HistoryCleanupCmd ----------------------
10:54:13.944 [main] DEBUG org.camunda.bpm.engine.cmd - ENGINE-13010 reusing existing command context
10:54:13.944 [main] DEBUG org.camunda.bpm.engine.cmd - ENGINE-13038 History cleanup won't be scheduled. Either configure batch window or call it with immediatelyDue = true.
10:54:13.945 [main] DEBUG org.camunda.bpm.engine.impl.persistence.entity.JobEntity.selectJobsByHandlerType - ==>  Preparing: select * from ACT_RU_JOB where HANDLER_TYPE_ = ?
10:54:13.946 [main] DEBUG org.camunda.bpm.engine.impl.persistence.entity.JobEntity.selectJobsByHandlerType - ==> Parameters: history-cleanup(String)
10:54:13.946 [main] DEBUG org.camunda.bpm.engine.impl.persistence.entity.JobEntity.selectJobsByHandlerType - <==      Total: 0
10:54:13.946 [main] DEBUG org.camunda.bpm.engine.cmd - ENGINE-13006 Finishing command -------------------- HistoryCleanupCmd ----------------------
10:54:13.946 [main] DEBUG org.camunda.bpm.engine.impl.persistence.entity.PropertyEntity.selectProperty - ==>  Preparing: select * from ACT_GE_PROPERTY where NAME_ = ?
10:54:13.947 [main] DEBUG org.camunda.bpm.engine.impl.persistence.entity.PropertyEntity.selectProperty - ==> Parameters: telemetry.lock(String)
10:54:13.947 [main] DEBUG org.camunda.bpm.engine.impl.persistence.entity.PropertyEntity.selectProperty - <==      Total: 1
10:54:13.947 [main] DEBUG org.camunda.bpm.engine.persistence - ENGINE-03106 No exclusive lock is acquired on CockroachDB or H2, as pessimistic locks are disabled on these databases.
10:54:13.947 [main] DEBUG org.camunda.bpm.engine.impl.persistence.entity.PropertyEntity.selectProperty - ==>  Preparing: select * from ACT_GE_PROPERTY where NAME_ = ?
10:54:13.947 [main] DEBUG org.camunda.bpm.engine.impl.persistence.entity.PropertyEntity.selectProperty - ==> Parameters: camunda.telemetry.enabled(String)
10:54:13.947 [main] DEBUG org.camunda.bpm.engine.impl.persistence.entity.PropertyEntity.selectProperty - <==      Total: 0
10:54:13.947 [main] DEBUG org.camunda.bpm.engine.persistence - ENGINE-03092 No telemetry property found in the database
10:54:13.947 [main] DEBUG org.camunda.bpm.engine.persistence - ENGINE-03093 Creating the telemetry property in database with the value: null
10:54:13.947 [main] DEBUG org.camunda.bpm.engine.persistence - ENGINE-03095 Error while configuring the telemetry property: Cannot invoke "java.lang.Boolean.booleanValue()" because the return value of "org.camunda.bpm.engine.impl.cfg.ProcessEngineConfigurationImpl.isInitializeTelemetry()" is null
10:54:13.948 [main] DEBUG org.camunda.bpm.engine.cmd - ENGINE-13005 Starting command -------------------- GetLicenseKeyCmd ----------------------
10:54:13.948 [main] DEBUG org.camunda.bpm.engine.cmd - ENGINE-13010 reusing existing command context
10:54:13.950 [main] DEBUG org.camunda.bpm.engine.impl.persistence.entity.PropertyEntity.selectProperty - ==>  Preparing: select * from ACT_GE_PROPERTY where NAME_ = ?
10:54:13.950 [main] DEBUG org.camunda.bpm.engine.impl.persistence.entity.PropertyEntity.selectProperty - ==> Parameters: camunda-license-key-id(String)
10:54:13.951 [main] DEBUG org.camunda.bpm.engine.impl.persistence.entity.PropertyEntity.selectProperty - <==      Total: 0
10:54:13.951 [main] DEBUG org.camunda.bpm.engine.impl.persistence.entity.PropertyEntity.selectProperty - ==>  Preparing: select * from ACT_GE_PROPERTY where NAME_ = ?
10:54:13.951 [main] DEBUG org.camunda.bpm.engine.impl.persistence.entity.PropertyEntity.selectProperty - ==> Parameters: camunda-license-key(String)
10:54:13.951 [main] DEBUG org.camunda.bpm.engine.impl.persistence.entity.PropertyEntity.selectProperty - <==      Total: 0
10:54:13.951 [main] DEBUG org.camunda.bpm.engine.cmd - ENGINE-13006 Finishing command -------------------- GetLicenseKeyCmd ----------------------
10:54:13.952 [main] DEBUG org.camunda.bpm.engine.cmd - ENGINE-13005 Starting command -------------------- IsTelemetryEnabledCmd ----------------------
10:54:13.953 [main] DEBUG org.camunda.bpm.engine.cmd - ENGINE-13010 reusing existing command context
10:54:13.953 [main] DEBUG org.camunda.bpm.engine.cmd - ENGINE-13006 Finishing command -------------------- IsTelemetryEnabledCmd ----------------------
10:54:13.953 [main] DEBUG org.camunda.bpm.engine.cmd - ENGINE-13011 closing existing command context
10:54:13.953 [main] DEBUG org.camunda.bpm.engine.persistence - ENGINE-03006 Cache state after flush: [
  PERSISTENT PropertyEntity[camunda.telemetry.enabled]
  PERSISTENT PropertyEntity[installationId.lock]
  PERSISTENT PropertyEntity[telemetry.lock]
  PERSISTENT PropertyEntity[camunda.installation.id]
  PERSISTENT PropertyEntity[deployment.lock]
  PERSISTENT PropertyEntity[history.cleanup.job.lock]
]
10:54:13.953 [main] DEBUG org.camunda.bpm.engine.persistence - ENGINE-03008 Flush Summary: [
  INSERT PropertyEntity[camunda.installation.id]
  INSERT PropertyEntity[camunda.telemetry.enabled]
]
10:54:13.953 [main] DEBUG org.camunda.bpm.engine.persistence - ENGINE-03009 SQL operation: 'INSERT'; Entity: 'PropertyEntity[id=camunda.installation.id]'
10:54:13.954 [main] DEBUG org.camunda.bpm.engine.impl.persistence.entity.PropertyEntity.insertProperty - ==>  Preparing: insert into ACT_GE_PROPERTY ( NAME_, VALUE_, REV_ ) values ( ?, ?, 1 )
10:54:13.954 [main] DEBUG org.camunda.bpm.engine.impl.persistence.entity.PropertyEntity.insertProperty - ==> Parameters: camunda.installation.id(String), 2d523a5a-31cb-4a8b-8d8b-7453f6e485af(String)
10:54:13.954 [main] DEBUG org.camunda.bpm.engine.persistence - ENGINE-03009 SQL operation: 'INSERT'; Entity: 'PropertyEntity[id=camunda.telemetry.enabled]'
10:54:13.954 [main] DEBUG org.camunda.bpm.engine.impl.persistence.entity.PropertyEntity.insertProperty - ==> Parameters: camunda.telemetry.enabled(String), null(String)
10:54:13.954 [main] DEBUG org.camunda.bpm.engine.tx - ENGINE-11002 firing event committing...
10:54:13.954 [main] DEBUG org.camunda.bpm.engine.tx - ENGINE-11002 committing the persistence session...
10:54:13.954 [main] DEBUG org.apache.ibatis.transaction.jdbc.JdbcTransaction - Committing JDBC Connection [conn0: url=jdbc:h2:mem:camunda user=SA]
10:54:13.954 [main] DEBUG org.camunda.bpm.engine.tx - ENGINE-11002 firing event committed...
10:54:13.954 [main] DEBUG org.apache.ibatis.transaction.jdbc.JdbcTransaction - Resetting autocommit to true on JDBC Connection [conn0: url=jdbc:h2:mem:camunda user=SA]
10:54:13.955 [main] DEBUG org.apache.ibatis.transaction.jdbc.JdbcTransaction - Closing JDBC Connection [conn0: url=jdbc:h2:mem:camunda user=SA]
10:54:13.955 [main] DEBUG org.apache.ibatis.datasource.pooled.PooledDataSource - Returned connection 1313618488 to pool.
10:54:13.955 [main] DEBUG org.camunda.bpm.engine.cmd - ENGINE-13006 Finishing command -------------------- BootstrapEngineCommand ----------------------
10:54:13.955 [main] INFO org.camunda.bpm.engine - ENGINE-00001 Process Engine default created.
10:54:13.956 [main] DEBUG org.camunda.bpm.engine.test - ==== PROCESS ENGINE CREATED =========================================================================
10:54:14.165 [main] DEBUG org.camunda.bpm.extension.junit5.test.ProcessEngineExtension - beforeTestExecution: TestDrawSample()
10:54:14.166 [main] INFO org.camunda.bpm.extension.junit5.test.ProcessEngineExtension - annotation @Deployment creates deployment for com.example.protoolstest.ProcessTest.TestDrawSample
10:54:14.167 [main] DEBUG org.camunda.bpm.engine.cmd - ENGINE-13005 Starting command -------------------- DeployCmd ----------------------
10:54:14.167 [main] DEBUG org.camunda.bpm.engine.cmd - ENGINE-13009 opening new command context
10:54:14.168 [main] DEBUG org.camunda.bpm.engine.persistence - ENGINE-03106 No exclusive lock is acquired on CockroachDB or H2, as pessimistic locks are disabled on these databases.
10:54:14.168 [main] DEBUG org.camunda.bpm.engine.cmd - ENGINE-13001 Creating new deployment
10:54:14.168 [main] DEBUG org.camunda.bpm.engine.cmd - ENGINE-13005 Starting command -------------------- GetNextIdBlockCmd ----------------------
10:54:14.168 [main] DEBUG org.camunda.bpm.engine.cmd - ENGINE-13009 opening new command context
10:54:14.169 [main] DEBUG org.apache.ibatis.transaction.jdbc.JdbcTransaction - Opening JDBC Connection
10:54:14.169 [main] DEBUG org.apache.ibatis.datasource.pooled.PooledDataSource - Checked out connection 1313618488 from pool.
10:54:14.169 [main] DEBUG org.apache.ibatis.transaction.jdbc.JdbcTransaction - Setting autocommit to false on JDBC Connection [conn0: url=jdbc:h2:mem:camunda user=SA]
10:54:14.169 [main] DEBUG org.camunda.bpm.engine.impl.persistence.entity.PropertyEntity.selectProperty - ==>  Preparing: select * from ACT_GE_PROPERTY where NAME_ = ?
10:54:14.169 [main] DEBUG org.camunda.bpm.engine.impl.persistence.entity.PropertyEntity.selectProperty - ==> Parameters: next.dbid(String)
10:54:14.169 [main] DEBUG org.camunda.bpm.engine.impl.persistence.entity.PropertyEntity.selectProperty - <==      Total: 1
10:54:14.169 [main] DEBUG org.camunda.bpm.engine.cmd - ENGINE-13011 closing existing command context
10:54:14.169 [main] DEBUG org.camunda.bpm.engine.persistence - ENGINE-03006 Cache state after flush: [
  PERSISTENT PropertyEntity[next.dbid]
]
10:54:14.169 [main] DEBUG org.camunda.bpm.engine.persistence - ENGINE-03008 Flush Summary: [
  UPDATE PropertyEntity[next.dbid]
]
10:54:14.169 [main] DEBUG org.camunda.bpm.engine.persistence - ENGINE-03009 SQL operation: 'UPDATE'; Entity: 'PropertyEntity[id=next.dbid]'
10:54:14.171 [main] DEBUG org.camunda.bpm.engine.impl.persistence.entity.PropertyEntity.updateProperty - ==>  Preparing: update ACT_GE_PROPERTY SET REV_ = ?, VALUE_ = ? where NAME_ = ? and REV_ = ?
10:54:14.171 [main] DEBUG org.camunda.bpm.engine.impl.persistence.entity.PropertyEntity.updateProperty - ==> Parameters: 2(Integer), 101(String), next.dbid(String), 1(Integer)
10:54:14.172 [main] DEBUG org.camunda.bpm.engine.tx - ENGINE-11002 firing event committing...
10:54:14.172 [main] DEBUG org.camunda.bpm.engine.tx - ENGINE-11002 committing the persistence session...
10:54:14.172 [main] DEBUG org.apache.ibatis.transaction.jdbc.JdbcTransaction - Committing JDBC Connection [conn0: url=jdbc:h2:mem:camunda user=SA]
10:54:14.172 [main] DEBUG org.camunda.bpm.engine.tx - ENGINE-11002 firing event committed...
10:54:14.172 [main] DEBUG org.apache.ibatis.transaction.jdbc.JdbcTransaction - Resetting autocommit to true on JDBC Connection [conn0: url=jdbc:h2:mem:camunda user=SA]
10:54:14.172 [main] DEBUG org.apache.ibatis.transaction.jdbc.JdbcTransaction - Closing JDBC Connection [conn0: url=jdbc:h2:mem:camunda user=SA]
10:54:14.172 [main] DEBUG org.apache.ibatis.datasource.pooled.PooledDataSource - Returned connection 1313618488 to pool.
10:54:14.172 [main] DEBUG org.camunda.bpm.engine.cmd - ENGINE-13006 Finishing command -------------------- GetNextIdBlockCmd ----------------------
10:54:14.175 [main] DEBUG org.camunda.bpm.engine.cmd - ENGINE-13018 Processing deployment ProcessTest.TestDrawSample
10:54:14.176 [main] DEBUG org.camunda.bpm.engine.cmd - ENGINE-13019 Processing resource processCut.bpmn
10:54:14.207 [main] DEBUG org.camunda.bpm.engine.bpmn.parser - ENGINE-01001 Parsing element from type 'process' with id 'cutProcess'
10:54:14.207 [main] DEBUG org.camunda.bpm.engine.bpmn.parser - ENGINE-01001 Parsing element from type 'activity' with id 'Entree'
10:54:14.210 [main] DEBUG org.camunda.bpm.engine.bpmn.parser - ENGINE-01001 Parsing element from type 'activity' with id 'selectSampleSize'
10:54:14.214 [main] DEBUG org.camunda.bpm.engine.bpmn.parser - ENGINE-01001 Parsing element from type 'activity' with id 'drawSample'
10:54:14.215 [main] DEBUG org.camunda.bpm.engine.bpmn.parser - ENGINE-01001 Parsing element from type 'activity' with id 'ErrorTaskSampleSize'
10:54:14.215 [main] DEBUG org.camunda.bpm.engine.bpmn.parser - ENGINE-01001 Parsing element from type 'activity' with id 'Sortie'
10:54:14.215 [main] DEBUG org.camunda.bpm.engine.bpmn.parser - ENGINE-01001 Parsing element from type 'boundary event' with id 'Event_0c71p2f'
10:54:14.215 [main] DEBUG org.camunda.bpm.engine.bpmn.parser - ENGINE-01001 Parsing element from type 'activity' with id 'Event_0c71p2f'
10:54:14.217 [main] DEBUG org.apache.ibatis.transaction.jdbc.JdbcTransaction - Opening JDBC Connection
10:54:14.217 [main] DEBUG org.apache.ibatis.datasource.pooled.PooledDataSource - Checked out connection 1313618488 from pool.
10:54:14.217 [main] DEBUG org.apache.ibatis.transaction.jdbc.JdbcTransaction - Setting autocommit to false on JDBC Connection [conn0: url=jdbc:h2:mem:camunda user=SA]
10:54:14.217 [main] DEBUG org.camunda.bpm.engine.impl.persistence.entity.ProcessDefinitionEntity.selectLatestProcessDefinitionByKeyWithoutTenantId - ==>  Preparing: select * from ACT_RE_PROCDEF RES where KEY_ = ? and TENANT_ID_ is null and VERSION_ = ( select max(VERSION_) from ACT_RE_PROCDEF where KEY_ = ? and TENANT_ID_ is null)
10:54:14.218 [main] DEBUG org.camunda.bpm.engine.impl.persistence.entity.ProcessDefinitionEntity.selectLatestProcessDefinitionByKeyWithoutTenantId - ==> Parameters: cutProcess(String), cutProcess(String)
10:54:14.218 [main] DEBUG org.camunda.bpm.engine.impl.persistence.entity.ProcessDefinitionEntity.selectLatestProcessDefinitionByKeyWithoutTenantId - <==      Total: 0
10:54:14.237 [main] DEBUG org.camunda.bpm.engine.impl.persistence.entity.JobEntity.selectJobsByConfiguration - ==>  Preparing: select * from ACT_RU_JOB where HANDLER_TYPE_ = ? and TENANT_ID_ is null and (HANDLER_CFG_ = ? or HANDLER_CFG_ = ? )
10:54:14.238 [main] DEBUG org.camunda.bpm.engine.impl.persistence.entity.JobEntity.selectJobsByConfiguration - ==> Parameters: timer-start-event(String), cutProcess(String), cutProcess$followUpJobCreated(String)
10:54:14.239 [main] DEBUG org.camunda.bpm.engine.impl.persistence.entity.JobEntity.selectJobsByConfiguration - <==      Total: 0
10:54:14.239 [main] DEBUG org.camunda.bpm.engine.cmd - ENGINE-13018 Processing deployment ProcessTest.TestDrawSample
[...]
10:54:14.381 [main] DEBUG org.camunda.bpm.engine.impl.persistence.entity.ResourceEntity.deleteResourcesByDeploymentId - ==>  Preparing: delete from ACT_GE_BYTEARRAY where DEPLOYMENT_ID_ = ?
10:54:14.381 [main] DEBUG org.camunda.bpm.engine.impl.persistence.entity.ResourceEntity.deleteResourcesByDeploymentId - ==> Parameters: 1(String)
10:54:14.381 [main] DEBUG org.camunda.bpm.engine.persistence - ENGINE-03010 SQL bulk operation: 'DELETE'; Statement: 'deleteDeployment'; Parameter: '1'
10:54:14.381 [main] DEBUG org.camunda.bpm.engine.impl.persistence.entity.DeploymentEntity.deleteDeployment - ==>  Preparing: delete from ACT_RE_DEPLOYMENT where ID_ = ?
10:54:14.381 [main] DEBUG org.camunda.bpm.engine.impl.persistence.entity.DeploymentEntity.deleteDeployment - ==> Parameters: 1(String)
10:54:14.382 [main] DEBUG org.camunda.bpm.engine.persistence - ENGINE-03009 SQL operation: 'UPDATE'; Entity: 'HistoricActivityInstanceEventEntity[id=selectSampleSize:8]'
10:54:14.382 [main] DEBUG org.camunda.bpm.engine.impl.persistence.entity.HistoricActivityInstanceEntity.updateHistoricActivityInstanceEvent - ==>  Preparing: UPDATE ACT_HI_ACTINST SET EXECUTION_ID_ = ?, PROC_DEF_KEY_ = ?, PROC_DEF_ID_ = ?, ACT_ID_ = ?, ACT_NAME_ = ?, ACT_TYPE_ = ?, PARENT_ACT_INST_ID_ = ? , END_TIME_ = ? , DURATION_ = ? , ACT_INST_STATE_ = ? WHERE ID_ = ?
10:54:14.382 [main] DEBUG org.camunda.bpm.engine.impl.persistence.entity.HistoricActivityInstanceEntity.updateHistoricActivityInstanceEvent - ==> Parameters: 4(String), cutProcess(String), cutProcess:1:3(String), selectSampleSize(String), Select sample size(String), userTask(String), 4(String), 2022-04-12 10:54:14.365(Timestamp), -135(Long), 2(Integer), selectSampleSize:8(String)
10:54:14.382 [main] DEBUG org.camunda.bpm.engine.persistence - ENGINE-03009 SQL operation: 'UPDATE'; Entity: 'HistoricProcessInstanceEventEntity[id=4]'
10:54:14.383 [main] DEBUG org.camunda.bpm.engine.impl.persistence.entity.HistoricProcessInstanceEntity.updateHistoricProcessInstanceEvent - ==>  Preparing: update ACT_HI_PROCINST set PROC_DEF_ID_ = ?, PROC_DEF_KEY_ = ?, BUSINESS_KEY_ = ?, END_ACT_ID_ = ?, DELETE_REASON_ = ?, SUPER_PROCESS_INSTANCE_ID_ = ?, STATE_ = ? , END_TIME_ = ? , DURATION_ = ? where ID_ = ?
10:54:14.384 [main] DEBUG org.camunda.bpm.engine.impl.persistence.entity.HistoricProcessInstanceEntity.updateHistoricProcessInstanceEvent - ==> Parameters: cutProcess:1:3(String), cutProcess(String), null, null, deleted deployment(String), null, INTERNALLY_TERMINATED(String), 2022-04-12 10:54:14.366(Timestamp), -134(Long), 4(String)
10:54:14.384 [main] DEBUG org.camunda.bpm.engine.persistence - ENGINE-03010 SQL bulk operation: 'DELETE'; Statement: 'deleteCamundaFormDefinitionsByDeploymentId'; Parameter: '1'
10:54:14.384 [main] DEBUG org.camunda.bpm.engine.impl.persistence.entity.CamundaFormDefinitionEntity.deleteCamundaFormDefinitionsByDeploymentId - ==>  Preparing: delete from ACT_RE_CAMFORMDEF where DEPLOYMENT_ID_ = ?
10:54:14.384 [main] DEBUG org.camunda.bpm.engine.impl.persistence.entity.CamundaFormDefinitionEntity.deleteCamundaFormDefinitionsByDeploymentId - ==> Parameters: 1(String)
10:54:14.384 [main] DEBUG org.camunda.bpm.engine.persistence - ENGINE-03010 SQL bulk operation: 'DELETE'; Statement: 'deleteCommentsByTaskId'; Parameter: '9'
10:54:14.384 [main] DEBUG org.camunda.bpm.engine.impl.persistence.entity.CommentEntity.deleteCommentsByTaskId - ==>  Preparing: delete from ACT_HI_COMMENT where TASK_ID_ = ?
10:54:14.384 [main] DEBUG org.camunda.bpm.engine.impl.persistence.entity.CommentEntity.deleteCommentsByTaskId - ==> Parameters: 9(String)
10:54:14.384 [main] DEBUG org.camunda.bpm.engine.persistence - ENGINE-03010 SQL bulk operation: 'DELETE'; Statement: 'deleteHistoricIdentityLinksByProcessDefinitionId'; Parameter: 'cutProcess:1:3'
10:54:14.384 [main] DEBUG org.camunda.bpm.engine.impl.persistence.entity.HistoricIdentityLinkLogEntity.deleteHistoricIdentityLinksByProcessDefinitionId - ==>  Preparing: delete from ACT_HI_IDENTITYLINK where PROC_DEF_ID_ = ?
10:54:14.384 [main] DEBUG org.camunda.bpm.engine.impl.persistence.entity.HistoricIdentityLinkLogEntity.deleteHistoricIdentityLinksByProcessDefinitionId - ==> Parameters: cutProcess:1:3(String)
10:54:14.384 [main] DEBUG org.camunda.bpm.engine.persistence - ENGINE-03010 SQL bulk operation: 'DELETE'; Statement: 'deleteHistoricIdentityLinksByTaskId'; Parameter: '9'
10:54:14.384 [main] DEBUG org.camunda.bpm.engine.impl.persistence.entity.HistoricIdentityLinkLogEntity.deleteHistoricIdentityLinksByTaskId - ==>  Preparing: delete from ACT_HI_IDENTITYLINK where TASK_ID_ = ?
10:54:14.384 [main] DEBUG org.camunda.bpm.engine.impl.persistence.entity.HistoricIdentityLinkLogEntity.deleteHistoricIdentityLinksByTaskId - ==> Parameters: 9(String)
10:54:14.384 [main] DEBUG org.camunda.bpm.engine.persistence - ENGINE-03010 SQL bulk operation: 'DELETE'; Statement: 'deleteHistoricIncidentsByProcessDefinitionId'; Parameter: 'cutProcess:1:3'
10:54:14.384 [main] DEBUG org.camunda.bpm.engine.impl.persistence.entity.HistoricIncidentEntity.deleteHistoricIncidentsByProcessDefinitionId - ==>  Preparing: delete from ACT_HI_INCIDENT where PROC_DEF_ID_ = ? and PROC_INST_ID_ is null
10:54:14.384 [main] DEBUG org.camunda.bpm.engine.impl.persistence.entity.HistoricIncidentEntity.deleteHistoricIncidentsByProcessDefinitionId - ==> Parameters: cutProcess:1:3(String)
10:54:14.384 [main] DEBUG org.camunda.bpm.engine.persistence - ENGINE-03010 SQL bulk operation: 'DELETE'; Statement: 'deleteHistoricJobLogByDeploymentId'; Parameter: '1'
10:54:14.384 [main] DEBUG org.camunda.bpm.engine.impl.persistence.entity.HistoricJobLogEntity.deleteHistoricJobLogByDeploymentId - ==>  Preparing: delete from ACT_HI_JOB_LOG where DEPLOYMENT_ID_ = ?
10:54:14.384 [main] DEBUG org.camunda.bpm.engine.impl.persistence.entity.HistoricJobLogEntity.deleteHistoricJobLogByDeploymentId - ==> Parameters: 1(String)
10:54:14.384 [main] DEBUG org.camunda.bpm.engine.persistence - ENGINE-03010 SQL bulk operation: 'DELETE'; Statement: 'deleteHistoricJobLogByProcessDefinitionId'; Parameter: 'cutProcess:1:3'
10:54:14.384 [main] DEBUG org.camunda.bpm.engine.impl.persistence.entity.HistoricJobLogEntity.deleteHistoricJobLogByProcessDefinitionId - ==>  Preparing: delete from ACT_HI_JOB_LOG where PROCESS_DEF_ID_ = ?
10:54:14.384 [main] DEBUG org.camunda.bpm.engine.impl.persistence.entity.HistoricJobLogEntity.deleteHistoricJobLogByProcessDefinitionId - ==> Parameters: cutProcess:1:3(String)
10:54:14.384 [main] DEBUG org.camunda.bpm.engine.persistence - ENGINE-03009 SQL operation: 'DELETE'; Entity: 'HistoricTaskInstanceEntity[id=9]'
10:54:14.384 [main] DEBUG org.camunda.bpm.engine.impl.persistence.entity.HistoricTaskInstanceEntity.deleteHistoricTaskInstance - ==>  Preparing: delete from ACT_HI_TASKINST where ID_ = ?
10:54:14.384 [main] DEBUG org.camunda.bpm.engine.impl.persistence.entity.HistoricTaskInstanceEntity.deleteHistoricTaskInstance - ==> Parameters: 9(String)
10:54:14.384 [main] DEBUG org.camunda.bpm.engine.persistence - ENGINE-03010 SQL bulk operation: 'DELETE'; Statement: 'deleteJobDefinitionsByProcessDefinitionId'; Parameter: 'cutProcess:1:3'
10:54:14.384 [main] DEBUG org.camunda.bpm.engine.impl.persistence.entity.JobDefinitionEntity.deleteJobDefinitionsByProcessDefinitionId - ==>  Preparing: DELETE FROM ACT_RU_JOBDEF where PROC_DEF_ID_ = ?
10:54:14.385 [main] DEBUG org.camunda.bpm.engine.impl.persistence.entity.JobDefinitionEntity.deleteJobDefinitionsByProcessDefinitionId - ==> Parameters: cutProcess:1:3(String)
10:54:14.385 [main] DEBUG org.camunda.bpm.engine.persistence - ENGINE-03010 SQL bulk operation: 'DELETE'; Statement: 'deleteHistoricDetailByteArraysByIds'; Parameter: '{processInstanceIds=[4]}'
10:54:14.385 [main] DEBUG org.camunda.bpm.engine.impl.persistence.entity.HistoricDetailEntity.deleteHistoricDetailByteArraysByIds - ==>  Preparing: delete from ACT_GE_BYTEARRAY where ID_ in (select DISTINCT BYTEARRAY_ID_ from ACT_HI_DETAIL WHERE ( PROC_INST_ID_ IN ( ? ) ) and BYTEARRAY_ID_ is not NULL )
10:54:14.385 [main] DEBUG org.camunda.bpm.engine.impl.persistence.entity.HistoricDetailEntity.deleteHistoricDetailByteArraysByIds - ==> Parameters: 4(String)
10:54:14.385 [main] DEBUG org.camunda.bpm.engine.persistence - ENGINE-03010 SQL bulk operation: 'DELETE'; Statement: 'deleteHistoricDetailsByIds'; Parameter: '{processInstanceIds=[4]}'
10:54:14.385 [main] DEBUG org.camunda.bpm.engine.impl.persistence.entity.HistoricDetailEntity.deleteHistoricDetailsByIds - ==>  Preparing: delete from ACT_HI_DETAIL WHERE ( PROC_INST_ID_ IN ( ? ) )
10:54:14.385 [main] DEBUG org.camunda.bpm.engine.impl.persistence.entity.HistoricDetailEntity.deleteHistoricDetailsByIds - ==> Parameters: 4(String)
10:54:14.385 [main] DEBUG org.camunda.bpm.engine.persistence - ENGINE-03010 SQL bulk operation: 'DELETE'; Statement: 'deleteHistoricVariableInstanceByteArraysByIds'; Parameter: '{processInstanceIds=[4]}'
10:54:14.386 [main] DEBUG org.camunda.bpm.engine.impl.persistence.entity.HistoricVariableInstanceEntity.deleteHistoricVariableInstanceByteArraysByIds - ==>  Preparing: delete from ACT_GE_BYTEARRAY where ID_ in ( select DISTINCT BYTEARRAY_ID_ from ACT_HI_VARINST RES WHERE ( PROC_INST_ID_ IN ( ? ) ) and BYTEARRAY_ID_ is not NULL )
10:54:14.386 [main] DEBUG org.camunda.bpm.engine.impl.persistence.entity.HistoricVariableInstanceEntity.deleteHistoricVariableInstanceByteArraysByIds - ==> Parameters: 4(String)
10:54:14.386 [main] DEBUG org.camunda.bpm.engine.persistence - ENGINE-03010 SQL bulk operation: 'DELETE'; Statement: 'deleteHistoricVariableInstanceByIds'; Parameter: '{processInstanceIds=[4]}'
10:54:14.386 [main] DEBUG org.camunda.bpm.engine.impl.persistence.entity.HistoricVariableInstanceEntity.deleteHistoricVariableInstanceByIds - ==>  Preparing: delete from ACT_HI_VARINST WHERE ( PROC_INST_ID_ IN ( ? ) )
10:54:14.386 [main] DEBUG org.camunda.bpm.engine.impl.persistence.entity.HistoricVariableInstanceEntity.deleteHistoricVariableInstanceByIds - ==> Parameters: 4(String)
10:54:14.386 [main] DEBUG org.camunda.bpm.engine.persistence - ENGINE-03010 SQL bulk operation: 'DELETE'; Statement: 'deleteCommentsByIds'; Parameter: '{processInstanceIds=[4]}'
10:54:14.386 [main] DEBUG org.camunda.bpm.engine.impl.persistence.entity.CommentEntity.deleteCommentsByIds - ==>  Preparing: delete from ACT_HI_COMMENT where ( PROC_INST_ID_ IN ( ? ) )
10:54:14.386 [main] DEBUG org.camunda.bpm.engine.impl.persistence.entity.CommentEntity.deleteCommentsByIds - ==> Parameters: 4(String)
10:54:14.386 [main] DEBUG org.camunda.bpm.engine.persistence - ENGINE-03010 SQL bulk operation: 'DELETE'; Statement: 'deleteAttachmentByteArraysByIds'; Parameter: '{processInstanceIds=[4]}'
10:54:14.386 [main] DEBUG org.camunda.bpm.engine.impl.persistence.entity.AttachmentEntity.deleteAttachmentByteArraysByIds - ==>  Preparing: delete from ACT_GE_BYTEARRAY where ID_ in (select distinct CONTENT_ID_ from ACT_HI_ATTACHMENT WHERE ( PROC_INST_ID_ IN ( ? ) ) and CONTENT_ID_ is not NULL )
10:54:14.386 [main] DEBUG org.camunda.bpm.engine.impl.persistence.entity.AttachmentEntity.deleteAttachmentByteArraysByIds - ==> Parameters: 4(String)
10:54:14.386 [main] DEBUG org.camunda.bpm.engine.persistence - ENGINE-03010 SQL bulk operation: 'DELETE'; Statement: 'deleteAttachmentByIds'; Parameter: '{processInstanceIds=[4]}'
10:54:14.386 [main] DEBUG org.camunda.bpm.engine.impl.persistence.entity.AttachmentEntity.deleteAttachmentByIds - ==>  Preparing: delete from ACT_HI_ATTACHMENT WHERE ( PROC_INST_ID_ IN ( ? ) )
10:54:14.386 [main] DEBUG org.camunda.bpm.engine.impl.persistence.entity.AttachmentEntity.deleteAttachmentByIds - ==> Parameters: 4(String)
10:54:14.386 [main] DEBUG org.camunda.bpm.engine.persistence - ENGINE-03010 SQL bulk operation: 'DELETE'; Statement: 'deleteHistoricDetailByteArraysByIds'; Parameter: '{taskProcessInstanceIds=[4]}'
10:54:14.387 [main] DEBUG org.camunda.bpm.engine.impl.persistence.entity.HistoricDetailEntity.deleteHistoricDetailByteArraysByIds - ==>  Preparing: delete from ACT_GE_BYTEARRAY where ID_ in (select DISTINCT BYTEARRAY_ID_ from ACT_HI_DETAIL WHERE TASK_ID_ in ( select ID_ from ACT_HI_TASKINST where ( PROC_INST_ID_ IN ( ? ) ) ) and BYTEARRAY_ID_ is not NULL )
10:54:14.387 [main] DEBUG org.camunda.bpm.engine.impl.persistence.entity.HistoricDetailEntity.deleteHistoricDetailByteArraysByIds - ==> Parameters: 4(String)
10:54:14.387 [main] DEBUG org.camunda.bpm.engine.persistence - ENGINE-03010 SQL bulk operation: 'DELETE'; Statement: 'deleteHistoricDetailsByIds'; Parameter: '{taskProcessInstanceIds=[4]}'
10:54:14.387 [main] DEBUG org.camunda.bpm.engine.impl.persistence.entity.HistoricDetailEntity.deleteHistoricDetailsByIds - ==>  Preparing: delete from ACT_HI_DETAIL WHERE TASK_ID_ in ( select ID_ from ACT_HI_TASKINST where ( PROC_INST_ID_ IN ( ? ) ) )
10:54:14.387 [main] DEBUG org.camunda.bpm.engine.impl.persistence.entity.HistoricDetailEntity.deleteHistoricDetailsByIds - ==> Parameters: 4(String)
10:54:14.387 [main] DEBUG org.camunda.bpm.engine.persistence - ENGINE-03010 SQL bulk operation: 'DELETE'; Statement: 'deleteCommentsByIds'; Parameter: '{taskProcessInstanceIds=[4]}'
10:54:14.387 [main] DEBUG org.camunda.bpm.engine.impl.persistence.entity.CommentEntity.deleteCommentsByIds - ==>  Preparing: delete from ACT_HI_COMMENT where TASK_ID_ in ( select ID_ from ACT_HI_TASKINST where ( PROC_INST_ID_ IN ( ? ) ) )
10:54:14.387 [main] DEBUG org.camunda.bpm.engine.impl.persistence.entity.CommentEntity.deleteCommentsByIds - ==> Parameters: 4(String)
10:54:14.387 [main] DEBUG org.camunda.bpm.engine.persistence - ENGINE-03010 SQL bulk operation: 'DELETE'; Statement: 'deleteAttachmentByteArraysByIds'; Parameter: '{taskProcessInstanceIds=[4]}'
10:54:14.387 [main] DEBUG org.camunda.bpm.engine.impl.persistence.entity.AttachmentEntity.deleteAttachmentByteArraysByIds - ==>  Preparing: delete from ACT_GE_BYTEARRAY where ID_ in (select distinct CONTENT_ID_ from ACT_HI_ATTACHMENT WHERE TASK_ID_ in ( select ID_ from ACT_HI_TASKINST where ( PROC_INST_ID_ IN ( ? ) ) ) and CONTENT_ID_ is not NULL )
10:54:14.387 [main] DEBUG org.camunda.bpm.engine.impl.persistence.entity.AttachmentEntity.deleteAttachmentByteArraysByIds - ==> Parameters: 4(String)
10:54:14.387 [main] DEBUG org.camunda.bpm.engine.persistence - ENGINE-03010 SQL bulk operation: 'DELETE'; Statement: 'deleteAttachmentByIds'; Parameter: '{taskProcessInstanceIds=[4]}'
10:54:14.387 [main] DEBUG org.camunda.bpm.engine.impl.persistence.entity.AttachmentEntity.deleteAttachmentByIds - ==>  Preparing: delete from ACT_HI_ATTACHMENT WHERE TASK_ID_ in ( select ID_ from ACT_HI_TASKINST where ( PROC_INST_ID_ IN ( ? ) ) )
10:54:14.388 [main] DEBUG org.camunda.bpm.engine.impl.persistence.entity.AttachmentEntity.deleteAttachmentByIds - ==> Parameters: 4(String)
10:54:14.388 [main] DEBUG org.camunda.bpm.engine.persistence - ENGINE-03010 SQL bulk operation: 'DELETE'; Statement: 'deleteHistoricIdentityLinksByTaskProcessInstanceIds'; Parameter: '[4]'
10:54:14.388 [main] DEBUG org.camunda.bpm.engine.impl.persistence.entity.HistoricIdentityLinkLogEntity.deleteHistoricIdentityLinksByTaskProcessInstanceIds - ==>  Preparing: delete from ACT_HI_IDENTITYLINK where TASK_ID_ in ( select ID_ from ACT_HI_TASKINST where ( PROC_INST_ID_ IN ( ? ) ) )
10:54:14.388 [main] DEBUG org.camunda.bpm.engine.impl.persistence.entity.HistoricIdentityLinkLogEntity.deleteHistoricIdentityLinksByTaskProcessInstanceIds - ==> Parameters: 4(String)
10:54:14.388 [main] DEBUG org.camunda.bpm.engine.persistence - ENGINE-03010 SQL bulk operation: 'DELETE'; Statement: 'deleteHistoricTaskInstanceByProcessInstanceIds'; Parameter: '[4]'
10:54:14.388 [main] DEBUG org.camunda.bpm.engine.impl.persistence.entity.HistoricTaskInstanceEntity.deleteHistoricTaskInstanceByProcessInstanceIds - ==>  Preparing: delete from ACT_HI_TASKINST where ( PROC_INST_ID_ IN ( ? ) )
10:54:14.388 [main] DEBUG org.camunda.bpm.engine.impl.persistence.entity.HistoricTaskInstanceEntity.deleteHistoricTaskInstanceByProcessInstanceIds - ==> Parameters: 4(String)
10:54:14.388 [main] DEBUG org.camunda.bpm.engine.persistence - ENGINE-03010 SQL bulk operation: 'DELETE'; Statement: 'deleteHistoricActivityInstancesByProcessInstanceIds'; Parameter: '[4]'
10:54:14.388 [main] DEBUG org.camunda.bpm.engine.impl.persistence.entity.HistoricActivityInstanceEntity.deleteHistoricActivityInstancesByProcessInstanceIds - ==>  Preparing: delete from ACT_HI_ACTINST where ( PROC_INST_ID_ IN ( ? ) )
10:54:14.388 [main] DEBUG org.camunda.bpm.engine.impl.persistence.entity.HistoricActivityInstanceEntity.deleteHistoricActivityInstancesByProcessInstanceIds - ==> Parameters: 4(String)
10:54:14.388 [main] DEBUG org.camunda.bpm.engine.persistence - ENGINE-03010 SQL bulk operation: 'DELETE'; Statement: 'deleteHistoricIncidentsByProcessInstanceIds'; Parameter: '[4]'
10:54:14.388 [main] DEBUG org.camunda.bpm.engine.impl.persistence.entity.HistoricIncidentEntity.deleteHistoricIncidentsByProcessInstanceIds - ==>  Preparing: delete from ACT_HI_INCIDENT where ( PROC_INST_ID_ IN ( ? ) )
10:54:14.388 [main] DEBUG org.camunda.bpm.engine.impl.persistence.entity.HistoricIncidentEntity.deleteHistoricIncidentsByProcessInstanceIds - ==> Parameters: 4(String)
10:54:14.388 [main] DEBUG org.camunda.bpm.engine.persistence - ENGINE-03010 SQL bulk operation: 'DELETE'; Statement: 'deleteHistoricJobLogByProcessInstanceIds'; Parameter: '[4]'
10:54:14.389 [main] DEBUG org.camunda.bpm.engine.impl.persistence.entity.HistoricJobLogEntity.deleteHistoricJobLogByProcessInstanceIds - ==>  Preparing: delete from ACT_HI_JOB_LOG where ( PROCESS_INSTANCE_ID_ IN ( ? ) )
10:54:14.389 [main] DEBUG org.camunda.bpm.engine.impl.persistence.entity.HistoricJobLogEntity.deleteHistoricJobLogByProcessInstanceIds - ==> Parameters: 4(String)
10:54:14.389 [main] DEBUG org.camunda.bpm.engine.persistence - ENGINE-03010 SQL bulk operation: 'DELETE'; Statement: 'deleteHistoricExternalTaskLogByProcessInstanceIds'; Parameter: '[4]'
10:54:14.389 [main] DEBUG org.camunda.bpm.engine.impl.history.event.HistoricExternalTaskLogEntity.deleteHistoricExternalTaskLogByProcessInstanceIds - ==>  Preparing: delete from ACT_HI_EXT_TASK_LOG where ( PROC_INST_ID_ IN ( ? ) )
10:54:14.389 [main] DEBUG org.camunda.bpm.engine.impl.history.event.HistoricExternalTaskLogEntity.deleteHistoricExternalTaskLogByProcessInstanceIds - ==> Parameters: 4(String)
10:54:14.389 [main] DEBUG org.camunda.bpm.engine.persistence - ENGINE-03010 SQL bulk operation: 'DELETE'; Statement: 'deleteHistoricProcessInstances'; Parameter: '[4]'
10:54:14.389 [main] DEBUG org.camunda.bpm.engine.impl.persistence.entity.HistoricProcessInstanceEntity.deleteHistoricProcessInstances - ==>  Preparing: delete from ACT_HI_PROCINST where ( PROC_INST_ID_ IN ( ? ) )
10:54:14.389 [main] DEBUG org.camunda.bpm.engine.impl.persistence.entity.HistoricProcessInstanceEntity.deleteHistoricProcessInstances - ==> Parameters: 4(String)
10:54:14.395 [main] DEBUG org.camunda.bpm.engine.tx - ENGINE-11002 firing event committing...
10:54:14.395 [main] DEBUG org.camunda.bpm.engine.tx - ENGINE-11002 committing the persistence session...
10:54:14.395 [main] DEBUG org.apache.ibatis.transaction.jdbc.JdbcTransaction - Committing JDBC Connection [conn0: url=jdbc:h2:mem:camunda user=SA]
10:54:14.396 [main] DEBUG org.camunda.bpm.engine.tx - ENGINE-11002 firing event committed...
10:54:14.396 [main] DEBUG org.apache.ibatis.transaction.jdbc.JdbcTransaction - Resetting autocommit to true on JDBC Connection [conn0: url=jdbc:h2:mem:camunda user=SA]
10:54:14.396 [main] DEBUG org.apache.ibatis.transaction.jdbc.JdbcTransaction - Closing JDBC Connection [conn0: url=jdbc:h2:mem:camunda user=SA]
10:54:14.396 [main] DEBUG org.apache.ibatis.datasource.pooled.PooledDataSource - Returned connection 1313618488 to pool.
10:54:14.396 [main] DEBUG org.camunda.bpm.engine.cmd - ENGINE-13006 Finishing command -------------------- DeleteDeploymentCmd ----------------------
]]></system-out>
  </testcase>
</testsuite>